[    0.000000] Initializing cgroup subsys cpuset
[    0.000000] Initializing cgroup subsys cpu
[    0.000000] Initializing cgroup subsys cpuacct
[    0.000000] Linux version 4.4.0-141-generic (buildd@lcy01-amd64-006) (gcc version 5.4.0 20160609 (Ubuntu 5.4.0-6ubuntu1~16.04.10) ) #167-Ubuntu SMP Wed Dec 5 10:40:15 UTC 2018 (Ubuntu 4.4.0-141.167-generic 4.4.162)
[    0.000000] Command line: BOOT_IMAGE=/boot/vmlinuz-4.4.0-141-generic root=LABEL=cloudimg-rootfs ro console=tty1 console=ttyS0
[    0.000000] KERNEL supported cpus:
[    0.000000]   Intel GenuineIntel
[    0.000000]   AMD AuthenticAMD
[    0.000000]   Centaur CentaurHauls
[    0.000000] x86/fpu: xstate_offset[2]:  576, xstate_sizes[2]:  256
[    0.000000] x86/fpu: Supporting XSAVE feature 0x01: 'x87 floating point registers'
[    0.000000] x86/fpu: Supporting XSAVE feature 0x02: 'SSE registers'
[    0.000000] x86/fpu: Supporting XSAVE feature 0x04: 'AVX registers'
[    0.000000] x86/fpu: Enabled xstate features 0x7, context size is 832 bytes, using 'standard' format.
[    0.000000] e820: BIOS-provided physical RAM map:
[    0.000000] BIOS-e820: [mem 0x0000000000000000-0x000000000009fbff] usable
[    0.000000] BIOS-e820: [mem 0x000000000009fc00-0x000000000009ffff] reserved
[    0.000000] BIOS-e820: [mem 0x00000000000f0000-0x00000000000fffff] reserved
[    0.000000] BIOS-e820: [mem 0x0000000000100000-0x000000007ffeffff] usable
[    0.000000] BIOS-e820: [mem 0x000000007fff0000-0x000000007fffffff] ACPI data
[    0.000000] BIOS-e820: [mem 0x00000000fec00000-0x00000000fec00fff] reserved
[    0.000000] BIOS-e820: [mem 0x00000000fee00000-0x00000000fee00fff] reserved
[    0.000000] BIOS-e820: [mem 0x00000000fffc0000-0x00000000ffffffff] reserved
[    0.000000] NX (Execute Disable) protection: active
[    0.000000] SMBIOS 2.5 present.
[    0.000000] Hypervisor detected: KVM
[    0.000000] e820: last_pfn = 0x7fff0 max_arch_pfn = 0x400000000
[    0.000000] MTRR: Disabled
[    0.000000] x86/PAT: MTRRs disabled, skipping PAT initialization too.
[    0.000000] CPU MTRRs all blank - virtualized system.
[    0.000000] x86/PAT: Configuration [0-7]: WB  WT  UC- UC  WB  WT  UC- UC  
[    0.000000] found SMP MP-table at [mem 0x0009fff0-0x0009ffff] mapped at [ffff88000009fff0]
[    0.000000] Scanning 1 areas for low memory corruption
[    0.000000] RAMDISK: [mem 0x36304000-0x37179fff]
[    0.000000] ACPI: Early table checksum verification disabled
[    0.000000] ACPI: RSDP 0x00000000000E0000 000024 (v02 VBOX  )
[    0.000000] ACPI: XSDT 0x000000007FFF0030 00003C (v01 VBOX   VBOXXSDT 00000001 ASL  00000061)
[    0.000000] ACPI: FACP 0x000000007FFF00F0 0000F4 (v04 VBOX   VBOXFACP 00000001 ASL  00000061)
[    0.000000] ACPI: DSDT 0x000000007FFF0470 0021FF (v02 VBOX   VBOXBIOS 00000002 INTL 20100528)
[    0.000000] ACPI: FACS 0x000000007FFF0200 000040
[    0.000000] ACPI: FACS 0x000000007FFF0200 000040
[    0.000000] ACPI: APIC 0x000000007FFF0240 000054 (v02 VBOX   VBOXAPIC 00000001 ASL  00000061)
[    0.000000] ACPI: SSDT 0x000000007FFF02A0 0001CC (v01 VBOX   VBOXCPUT 00000002 INTL 20100528)
[    0.000000] No NUMA configuration found
[    0.000000] Faking a node at [mem 0x0000000000000000-0x000000007ffeffff]
[    0.000000] NODE_DATA(0) allocated [mem 0x7ffeb000-0x7ffeffff]
[    0.000000] kvm-clock: Using msrs 4b564d01 and 4b564d00
[    0.000000] kvm-clock: cpu 0, msr 0:7ffe3001, primary cpu clock
[    0.000000] kvm-clock: using sched offset of 18940085682 cycles
[    0.000000] clocksource: kvm-clock: mask: 0xffffffffffffffff max_cycles: 0x1cd42e4dffb, max_idle_ns: 881590591483 ns
[    0.000000] Zone ranges:
[    0.000000]   DMA      [mem 0x0000000000001000-0x0000000000ffffff]
[    0.000000]   DMA32    [mem 0x0000000001000000-0x000000007ffeffff]
[    0.000000]   Normal   empty
[    0.000000]   Device   empty
[    0.000000] Movable zone start for each node
[    0.000000] Early memory node ranges
[    0.000000]   node   0: [mem 0x0000000000001000-0x000000000009efff]
[    0.000000]   node   0: [mem 0x0000000000100000-0x000000007ffeffff]
[    0.000000] Initmem setup node 0 [mem 0x0000000000001000-0x000000007ffeffff]
[    0.000000] ACPI: PM-Timer IO Port: 0x4008
[    0.000000] IOAPIC[0]: apic_id 1, version 32, address 0xfec00000, GSI 0-23
[    0.000000] ACPI: INT_SRC_OVR (bus 0 bus_irq 0 global_irq 2 dfl dfl)
[    0.000000] ACPI: INT_SRC_OVR (bus 0 bus_irq 9 global_irq 9 low level)
[    0.000000] Using ACPI (MADT) for SMP configuration information
[    0.000000] smpboot: Allowing 1 CPUs, 0 hotplug CPUs
[    0.000000] PM: Registered nosave memory: [mem 0x00000000-0x00000fff]
[    0.000000] PM: Registered nosave memory: [mem 0x0009f000-0x0009ffff]
[    0.000000] PM: Registered nosave memory: [mem 0x000a0000-0x000effff]
[    0.000000] PM: Registered nosave memory: [mem 0x000f0000-0x000fffff]
[    0.000000] e820: [mem 0x80000000-0xfebfffff] available for PCI devices
[    0.000000] Booting paravirtualized kernel on KVM
[    0.000000] clocksource: refined-jiffies: mask: 0xffffffff max_cycles: 0xffffffff, max_idle_ns: 7645519600211568 ns
[    0.000000] setup_percpu: NR_CPUS:512 nr_cpumask_bits:512 nr_cpu_ids:1 nr_node_ids:1
[    0.000000] PERCPU: Embedded 34 pages/cpu @ffff88007fc00000 s99608 r8192 d31464 u2097152
[    0.000000] PV qspinlock hash table entries: 256 (order: 0, 4096 bytes)
[    0.000000] Built 1 zonelists in Node order, mobility grouping on.  Total pages: 515960
[    0.000000] Policy zone: DMA32
[    0.000000] Kernel command line: BOOT_IMAGE=/boot/vmlinuz-4.4.0-141-generic root=LABEL=cloudimg-rootfs ro console=tty1 console=ttyS0
[    0.000000] PID hash table entries: 4096 (order: 3, 32768 bytes)
[    0.000000] Memory: 2030024K/2096696K available (8568K kernel code, 1314K rwdata, 4008K rodata, 1528K init, 1316K bss, 66672K reserved, 0K cma-reserved)
[    0.000000] SLUB: HWalign=64, Order=0-3, MinObjects=0, CPUs=1, Nodes=1
[    0.000000] Kernel/User page tables isolation: enabled
[    0.000000] Hierarchical RCU implementation.
[    0.000000] 	Build-time adjustment of leaf fanout to 64.
[    0.000000] 	RCU restricting CPUs from NR_CPUS=512 to nr_cpu_ids=1.
[    0.000000] RCU: Adjusting geometry for rcu_fanout_leaf=64, nr_cpu_ids=1
[    0.000000] NR_IRQS:33024 nr_irqs:256 16
[    0.000000] Console: colour VGA+ 80x25
[    0.000000] console [tty1] enabled
[    0.000000] console [ttyS0] enabled
[    0.000000] tsc: Detected 2591.590 MHz processor
[    4.801380] Calibrating delay loop (skipped) preset value.. 5183.18 BogoMIPS (lpj=10366360)
[    4.861294] pid_max: default: 32768 minimum: 301
[    4.894151] ACPI: Core revision 20150930
[    4.931868] ACPI: 2 ACPI AML tables successfully acquired and loaded
[    4.979492] Security Framework initialized
[    5.010605] Yama: becoming mindful.
[    5.037700] AppArmor: AppArmor initialized
[    5.077689] Dentry cache hash table entries: 262144 (order: 9, 2097152 bytes)
[    5.128351] Inode-cache hash table entries: 131072 (order: 8, 1048576 bytes)
[    5.192974] Mount-cache hash table entries: 4096 (order: 3, 32768 bytes)
[    5.260955] Mountpoint-cache hash table entries: 4096 (order: 3, 32768 bytes)
[    5.355408] Initializing cgroup subsys io
[    5.388165] Initializing cgroup subsys memory
[    5.422610] Initializing cgroup subsys devices
[    5.475591] Initializing cgroup subsys freezer
[    5.507427] Initializing cgroup subsys net_cls
[    5.538595] Initializing cgroup subsys perf_event
[    5.571927] Initializing cgroup subsys net_prio
[    5.603856] Initializing cgroup subsys hugetlb
[    5.634788] Initializing cgroup subsys pids
[    5.668805] mce: CPU supports 0 MCE banks
[    5.700182] process: using mwait in idle threads
[    5.733425] Last level iTLB entries: 4KB 512, 2MB 8, 4MB 8
[    5.771977] Last level dTLB entries: 4KB 512, 2MB 32, 4MB 32, 1GB 0
[    5.814844] Spectre V2 : Mitigation: Full generic retpoline
[    5.853656] Spectre V2 : Spectre v2 mitigation: Speculation control IBPB not-supported IBRS not-supported
[    5.909930] Spectre V2 : Spectre v2 / SpectreRSB mitigation: Filling RSB on context switch
[    5.976559] Speculative Store Bypass: Vulnerable
[    6.296783] Freeing SMP alternatives memory: 32K
[    6.561594] ftrace: allocating 32291 entries in 127 pages
[    7.453287] smpboot: APIC(0) Converting physical 0 to logical package 0
[    7.544429] smpboot: Max logical packages: 1
[    7.584796] x2apic enabled
[    7.615717] Switched APIC routing to physical x2apic.
[    7.689714] ..TIMER: vector=0x30 apic1=0 pin1=2 apic2=-1 pin2=-1
[    7.834583] smpboot: CPU0: Intel(R) Core(TM) i5-3320M CPU @ 2.60GHz (family: 0x6, model: 0x3a, stepping: 0x9)
[    7.911839] Performance Events: unsupported p6 CPU model 58 no PMU driver, software events only.
[    7.976797] KVM setup paravirtual spinlock
[    8.007613] x86: Booted up 1 node, 1 CPUs
[    8.036717] smpboot: Total of 1 processors activated (5183.18 BogoMIPS)
[    8.091980] devtmpfs: initialized
[    8.133201] evm: security.selinux
[    8.159287] evm: security.SMACK64
[    8.185715] evm: security.SMACK64EXEC
[    8.215085] evm: security.SMACK64TRANSMUTE
[    8.247231] evm: security.SMACK64MMAP
[    8.278937] evm: security.ima
[    8.305906] evm: security.capability
[    8.335216] clocksource: jiffies: mask: 0xffffffff max_cycles: 0xffffffff, max_idle_ns: 7645041785100000 ns
[    8.446985] futex hash table entries: 256 (order: 2, 16384 bytes)
[    8.487127] pinctrl core: initialized pinctrl subsystem
[    8.524146] RTC time: 10:50:44, date: 01/24/19
[    8.558449] NET: Registered protocol family 16
[    8.595697] cpuidle: using governor ladder
[    8.629590] cpuidle: using governor menu
[    8.664158] PCCT header not found.
[    8.691670] ACPI: bus type PCI registered
[    8.721987] acpiphp: ACPI Hot Plug PCI Controller Driver version: 0.5
[    8.765749] PCI: Using configuration type 1 for base access
[    8.807473] ACPI: Added _OSI(Module Device)
[    8.837670] ACPI: Added _OSI(Processor Device)
[    8.870445] ACPI: Added _OSI(3.0 _SCP Extensions)
[    8.902679] ACPI: Added _OSI(Processor Aggregator Device)
[    8.949243] ACPI: Executed 1 blocks of module-level executable AML code
[    9.011542] ACPI: Interpreter enabled
[    9.038743] ACPI: (supports S0 S5)
[    9.064485] ACPI: Using IOAPIC for interrupt routing
[    9.100399] PCI: Using host bridge windows from ACPI; if necessary, use "pci=nocrs" and report a bug
[    9.202188] ACPI: PCI Root Bridge [PCI0] (domain 0000 [bus 00-ff])
[    9.246871] acpi PNP0A03:00: _OSC: OS supports [ASPM ClockPM Segments MSI]
[    9.295282] acpi PNP0A03:00: _OSC: not requesting OS control; OS requires [ExtendedConfig ASPM ClockPM MSI]
[    9.375175] acpi PNP0A03:00: fail to add MMCONFIG information, can't access extended PCI configuration space under this bridge.
[    9.525037] PCI host bridge to bus 0000:00
[    9.554357] pci_bus 0000:00: root bus resource [io  0x0000-0x0cf7 window]
[    9.599913] pci_bus 0000:00: root bus resource [io  0x0d00-0xffff window]
[    9.641914] pci_bus 0000:00: root bus resource [mem 0x000a0000-0x000bffff window]
[    9.701785] pci_bus 0000:00: root bus resource [mem 0x80000000-0xfdffffff window]
[    9.763829] pci_bus 0000:00: root bus resource [bus 00-ff]
[    9.868993] pci 0000:00:01.1: legacy IDE quirk: reg 0x10: [io  0x01f0-0x01f7]
[    9.913557] pci 0000:00:01.1: legacy IDE quirk: reg 0x14: [io  0x03f6]
[    9.955201] pci 0000:00:01.1: legacy IDE quirk: reg 0x18: [io  0x0170-0x0177]
[   10.008270] pci 0000:00:01.1: legacy IDE quirk: reg 0x1c: [io  0x0376]
[   10.237591] pci 0000:00:07.0: quirk: [io  0x4000-0x403f] claimed by PIIX4 ACPI
[   10.614825] pci 0000:00:07.0: quirk: [io  0x4100-0x410f] claimed by PIIX4 SMB
[   10.774724] ACPI: PCI Interrupt Link [LNKA] (IRQs 5 9 10 *11)
[   10.838451] ACPI: PCI Interrupt Link [LNKB] (IRQs 5 9 *10 11)
[   10.906700] ACPI: PCI Interrupt Link [LNKC] (IRQs 5 *9 10 11)
[   10.970244] ACPI: PCI Interrupt Link [LNKD] (IRQs 5 9 10 *11)
[   11.031137] ACPI: Enabled 2 GPEs in block 00 to 07
[   11.071813] vgaarb: setting as boot device: PCI:0000:00:02.0
[   11.108514] vgaarb: device added: PCI:0000:00:02.0,decodes=io+mem,owns=io+mem,locks=none
[   11.164197] vgaarb: loaded
[   11.187566] vgaarb: bridge control possible 0000:00:02.0
[   11.228075] SCSI subsystem initialized
[   11.278424] ACPI: bus type USB registered
[   11.347820] usbcore: registered new interface driver usbfs
[   11.399676] usbcore: registered new interface driver hub
[   11.450676] usbcore: registered new device driver usb
[   11.501077] PCI: Using ACPI for IRQ routing
[   11.538190] NetLabel: Initializing
[   11.565287] NetLabel:  domain hash size = 128
[   11.596064] NetLabel:  protocols = UNLABELED CIPSOv4
[   11.630214] NetLabel:  unlabeled traffic allowed by default
[   11.668674] amd_nb: Cannot enumerate AMD northbridges
[   11.705025] clocksource: Switched to clocksource kvm-clock
[   11.783286] AppArmor: AppArmor Filesystem Enabled
[   11.815730] pnp: PnP ACPI init
[   11.854721] pnp: PnP ACPI: found 3 devices
[   11.893925] clocksource: acpi_pm: mask: 0xffffff max_cycles: 0xffffff, max_idle_ns: 2085701024 ns
[   11.954653] NET: Registered protocol family 2
[   11.995156] TCP established hash table entries: 16384 (order: 5, 131072 bytes)
[   12.063359] TCP bind hash table entries: 16384 (order: 6, 262144 bytes)
[   12.122034] TCP: Hash tables configured (established 16384 bind 16384)
[   12.169462] UDP hash table entries: 1024 (order: 3, 32768 bytes)
[   12.214511] UDP-Lite hash table entries: 1024 (order: 3, 32768 bytes)
[   12.264349] NET: Registered protocol family 1
[   12.298561] pci 0000:00:00.0: Limiting direct PCI/PCI transfers
[   12.341437] pci 0000:00:01.0: Activating ISA DMA hang workarounds
[   12.388920] Unpacking initramfs...
[   13.299220] Freeing initrd memory: 14808K
[   13.331941] RAPL PMU detected, API unit is 2^-32 Joules, 3 fixed counters 10737418240 ms ovfl timer
[   13.410911] hw unit of domain pp0-core 2^-0 Joules
[   13.446600] hw unit of domain package 2^-0 Joules
[   13.479420] hw unit of domain pp1-gpu 2^-0 Joules
[   13.513880] platform rtc_cmos: registered platform RTC device (no PNP device found)
[   13.568041] Scanning for low memory corruption every 60 seconds
[   13.607363] audit: initializing netlink subsys (disabled)
[   13.644110] audit: type=2000 audit(1548327060.429:1): initialized
[   13.684399] Initialise system trusted keyring
[   13.716876] HugeTLB registered 2 MB page size, pre-allocated 0 pages
[   13.760215] zbud: loaded
[   13.782599] VFS: Disk quotas dquot_6.6.0
[   13.810816] VFS: Dquot-cache hash table entries: 512 (order 0, 4096 bytes)
[   13.853917] squashfs: version 4.0 (2009/01/31) Phillip Lougher
[   13.894913] fuse init (API version 7.23)
[   13.924593] Key type big_key registered
[   13.953067] Allocating IMA MOK and blacklist keyrings.
[   13.988874] Key type asymmetric registered
[   14.017707] Asymmetric key parser 'x509' registered
[   14.051657] Block layer SCSI generic (bsg) driver version 0.4 loaded (major 249)
[   14.106179] io scheduler noop registered
[   14.134679] io scheduler deadline registered (default)
[   14.168335] io scheduler cfq registered
[   14.199060] pci_hotplug: PCI Hot Plug PCI Core version: 0.5
[   14.244669] pciehp: PCI Express Hot Plug Controller Driver version: 0.4
[   14.315684] ACPI: AC Adapter [AC] (on-line)
[   14.363691] input: Power Button as /devices/LNXSYSTM:00/LNXPWRBN:00/input/input0
[   14.420122] ACPI: Power Button [PWRF]
[   14.450514] input: Sleep Button as /devices/LNXSYSTM:00/LNXSLPBN:00/input/input1
[   14.503728] ACPI: Sleep Button [SLPF]
[   14.537580] GHES: HEST is not enabled!
[   14.572043] ACPI: Battery Slot [BAT0] (battery present)
[   14.607665] Serial: 8250/16550 driver, 32 ports, IRQ sharing enabled
[   14.764365] 00:02: ttyS0 at I/O 0x3f8 (irq = 4, base_baud = 115200) is a 16550A
[   14.819199] Linux agpgart interface v0.103
[   14.864060] loop: module loaded
[   14.894725] scsi host0: ata_piix
[   14.920787] scsi host1: ata_piix
[   14.946221] ata1: PATA max UDMA/33 cmd 0x1f0 ctl 0x3f6 bmdma 0xd000 irq 14
[   14.989371] ata2: PATA max UDMA/33 cmd 0x170 ctl 0x376 bmdma 0xd008 irq 15
[   15.045914] libphy: Fixed MDIO Bus: probed
[   15.075876] tun: Universal TUN/TAP device driver, 1.6
[   15.109452] tun: (C) 1999-2004 Max Krasnyansky <maxk@qualcomm.com>
[   15.149044] PPP generic driver version 2.4.2
[   15.180718] ehci_hcd: USB 2.0 'Enhanced' Host Controller (EHCI) Driver
[   15.237520] ehci-pci: EHCI PCI platform driver
[   15.271502] ehci-platform: EHCI generic platform driver
[   15.313170] ohci_hcd: USB 1.1 'Open' Host Controller (OHCI) Driver
[   15.359409] ohci-pci: OHCI PCI platform driver
[   15.403185] ohci-platform: OHCI generic platform driver
[   15.464105] uhci_hcd: USB Universal Host Controller Interface driver
[   15.508421] i8042: PNP: PS/2 Controller [PNP0303:PS2K,PNP0f03:PS2M] at 0x60,0x64 irq 1,12
[   15.572928] serio: i8042 KBD port at 0x60,0x64 irq 1
[   15.606106] serio: i8042 AUX port at 0x60,0x64 irq 12
[   15.639150] mousedev: PS/2 mouse device common for all mice
[   15.680209] input: AT Translated Set 2 keyboard as /devices/platform/i8042/serio0/input/input2
[   15.747230] rtc_cmos rtc_cmos: rtc core: registered rtc_cmos as rtc0
[   15.793629] rtc_cmos rtc_cmos: alarms up to one day, 114 bytes nvram
[   15.835333] i2c /dev entries driver
[   15.888165] device-mapper: uevent: version 1.0.3
[   15.921166] device-mapper: ioctl: 4.34.0-ioctl (2015-10-28) initialised: dm-devel@redhat.com
[   15.978964] ledtrig-cpu: registered to indicate activity on CPUs
[   16.022524] NET: Registered protocol family 10
[   16.058045] NET: Registered protocol family 17
[   16.088961] Key type dns_resolver registered
[   16.121465] registered taskstats version 1
[   16.152558] Loading compiled-in X.509 certificates
[   16.186874] Loaded X.509 cert 'Build time autogenerated kernel key: 7c9fb337b82e5a343493fe891c556beae1895c7c'
[   16.262569] zswap: loaded using pool lzo/zbud
[   16.298112] Key type trusted registered
[   16.341735] Key type encrypted registered
[   16.371205] AppArmor: AppArmor sha1 policy hashing enabled
[   16.431014] ima: No TPM chip found, activating TPM-bypass!
[   16.479161] ima: Allocated hash algorithm: sha1
[   16.509924] evm: HMAC attrs: 0x1
[   16.545243]   Magic number: 3:619:831
[   16.580576] rtc_cmos rtc_cmos: setting system clock to 2019-01-24 10:50:52 UTC (1548327052)
[   16.644620] BIOS EDD facility v0.16 2004-Jun-25, 0 devices found
[   16.686265] EDD information not available.
[   16.733994] Freeing unused kernel memory: 1528K
[   16.777998] Write protecting the kernel read-only data: 14336k
[   16.816562] Freeing unused kernel memory: 1660K
[   16.849554] Freeing unused kernel memory: 88K
Loading, please wait...
starting version 229
[   16.938980] random: systemd-udevd: uninitialized urandom read (16 bytes read, 6 bits of entropy available)
[   17.005385] random: udevadm: uninitialized urandom read (16 bytes read, 6 bits of entropy available)
[   17.066933] random: systemd-udevd: uninitialized urandom read (16 bytes read, 6 bits of entropy available)
[   17.134077] random: udevadm: uninitialized urandom read (16 bytes read, 6 bits of entropy available)
[   17.201600] random: systemd-udevd: uninitialized urandom read (16 bytes read, 6 bits of entropy available)
[   17.292567] random: udevadm: uninitialized urandom read (16 bytes read, 6 bits of entropy available)
[   17.397169] random: systemd-udevd: uninitialized urandom read (16 bytes read, 6 bits of entropy available)
[   17.484112] random: udevadm: uninitialized urandom read (16 bytes read, 6 bits of entropy available)
[   17.547158] random: systemd-udevd: uninitialized urandom read (16 bytes read, 6 bits of entropy available)
[   17.614261] random: udevadm: uninitialized urandom read (16 bytes read, 6 bits of entropy available)
[   17.869454] Fusion MPT base driver 3.04.20
[   17.899145] Copyright (c) 1999-2008 LSI Corporation
[   17.947123] e1000: Intel(R) PRO/1000 Network Driver - version 7.3.21-k8-NAPI
[   17.991928] e1000: Copyright (c) 1999-2006 Intel Corporation.
[   18.178613] AVX version of gcm_enc/dec engaged.
[   18.214149] AES CTR mode by8 optimization enabled
[   18.264723] Fusion MPT SPI Host driver 3.04.20
[   18.435933] input: ImExPS/2 Generic Explorer Mouse as /devices/platform/i8042/serio1/input/input4
[   21.233157] e1000 0000:00:03.0 eth0: (PCI:33MHz:32-bit) 02:9c:d2:53:c1:d1
[   21.277778] e1000 0000:00:03.0 eth0: Intel(R) PRO/1000 Network Connection
[   21.328020] mptbase: ioc0: Initiating bringup
[   21.438856] ioc0: LSI53C1030 A0: Capabilities={Initiator}
[   21.681174] scsi host2: ioc0: LSI53C1030 A0, FwRev=00000000h, Ports=1, MaxQ=256, IRQ=20
[   21.869284] scsi 2:0:0:0: Direct-Access     VBOX     HARDDISK         1.0  PQ: 0 ANSI: 5
[   21.966419] scsi target2:0:0: Beginning Domain Validation
[   22.016679] scsi target2:0:0: Domain Validation skipping write tests
[   22.059460] scsi target2:0:0: Ending Domain Validation
[   22.169236] scsi target2:0:0: asynchronous
[   22.345649] scsi 2:0:1:0: Direct-Access     VBOX     HARDDISK         1.0  PQ: 0 ANSI: 5
[   22.486914] scsi target2:0:1: Beginning Domain Validation
[   22.842609] scsi target2:0:1: Domain Validation skipping write tests
[   23.194690] scsi target2:0:1: Ending Domain Validation
[   23.636398] scsi target2:0:1: asynchronous
[   24.271833] sd 2:0:0:0: Attached scsi generic sg0 type 0
[   24.346849] sd 2:0:0:0: [sda] 20971520 512-byte logical blocks: (10.7 GB/10.0 GiB)
[   24.518720] sd 2:0:1:0: [sdb] 20480 512-byte logical blocks: (10.5 MB/10.0 MiB)
[   24.578629] sd 2:0:1:0: Attached scsi generic sg1 type 0
[   24.657425] sd 2:0:0:0: [sda] Write Protect is off
[   24.731264] sd 2:0:0:0: [sda] Incomplete mode parameter data
[   24.769150] sd 2:0:0:0: [sda] Assuming drive cache: write through
[   24.809388] sd 2:0:1:0: [sdb] Write Protect is off
[   24.916409] sd 2:0:1:0: [sdb] Incomplete mode parameter data
[   24.953020] sd 2:0:1:0: [sdb] Assuming drive cache: write through
[   25.077956]  sda: sda1
[   25.151096] sd 2:0:1:0: [sdb] Attached SCSI disk
[   25.228933] sd 2:0:0:0: [sda] Attached SCSI disk
[   26.171542] e1000 0000:00:08.0 eth1: (PCI:33MHz:32-bit) 08:00:27:27:7c:48
[   26.218636] e1000 0000:00:08.0 eth1: Intel(R) PRO/1000 Network Connection
[   26.300672] e1000 0000:00:03.0 enp0s3: renamed from eth0
[   26.343341] e1000 0000:00:08.0 enp0s8: renamed from eth1
Begin: Loading essential drivers ... [   36.517861] md: linear personality registered for level -1
[   36.559484] md: multipath personality registered for level -4
[   36.603371] md: raid0 personality registered for level 0
[   36.648616] md: raid1 personality registered for level 1
[   36.761578] raid6: sse2x1   gen()  1844 MB/s
[   36.858249] raid6: sse2x1   xor()  1249 MB/s
[   36.953610] raid6: sse2x2   gen()  3401 MB/s
[   37.049754] raid6: sse2x2   xor()  2145 MB/s
[   37.149942] raid6: sse2x4   gen()  4337 MB/s
[   37.250338] raid6: sse2x4   xor()  2501 MB/s
[   37.282246] raid6: using algorithm sse2x4 gen() 4337 MB/s
[   37.333319] raid6: .... xor() 2501 MB/s, rmw enabled
[   37.388037] raid6: using ssse3x2 recovery algorithm
[   37.428441] xor: automatically using best checksumming function:
[   37.517772]    avx       : 12758.000 MB/sec
[   37.554030] async_tx: api initialized (async)
[   37.620527] md: raid6 personality registered for level 6
[   37.656292] md: raid5 personality registered for level 5
[   37.692042] md: raid4 personality registered for level 4
[   37.750164] md: raid10 personality registered for level 10
done.
Begin: Running /scripts/init-premount ... done.
Begin: Mounting root file system ... Begin: Running /scripts/local-top ... done.
Begin: Running /scripts/local-premount ... [   38.017052] Btrfs loaded
Scanning for Btrfs filesystems
done.
Warning: fsck not present, so skipping root file system
[   38.184146] EXT4-fs (sda1): mounted filesystem with ordered data mode. Opts: (null)
done.
Begin: Running /scripts/local-bottom ... done.
Begin: Running /scripts/init-bottom ... [   38.373435] random: nonblocking pool is initialized
done.
[   38.740812] systemd[1]: systemd 229 running in system mode. (+PAM +AUDIT +SELINUX +IMA +APPARMOR +SMACK +SYSVINIT +UTMP +LIBCRYPTSETUP +GCRYPT +GNUTLS +ACL +XZ -LZ4 +SECCOMP +BLKID +ELFUTILS +KMOD -IDN)
[   38.849975] systemd[1]: Detected virtualization oracle.
[   38.885720] systemd[1]: Detected architecture x86-64.

Welcome to [1mUbuntu 16.04.5 LTS[0m!

[   38.969221] systemd[1]: Set hostname to <terraform-box>.
[   39.576206] systemd[1]: Listening on Journal Socket (/dev/log).
[[0;32m  OK  [0m] Listening on Journal Socket (/dev/log).
[   39.664434] systemd[1]: Listening on LVM2 poll daemon socket.
[[0;32m  OK  [0m] Listening on LVM2 poll daemon socket.
[   39.750339] systemd[1]: Reached target User and Group Name Lookups.
[[0;32m  OK  [0m] Reached target User and Group Name Lookups.
[   39.838772] systemd[1]: Started Trigger resolvconf update for networkd DNS.
[[0;32m  OK  [0m] Started Trigger resolvconf update for networkd DNS.
[   39.935886] systemd[1]: Reached target Encrypted Volumes.
[[0;32m  OK  [0m] Reached target Encrypted Volumes.
[   40.020105] systemd[1]: Reached target Swap.
[[0;32m  OK  [0m] Reached target Swap.
[   40.095915] systemd[1]: Set up automount Arbitrary Executable File Formats File System Automount Point.
[[0;32m  OK  [0m] Set up automount Arbitrary Executab...ats File System Automount Point.
[   40.222809] systemd[1]: Listening on Journal Socket.
[[0;32m  OK  [0m] Listening on Journal Socket.
[   40.306264] systemd[1]: Listening on udev Control Socket.
[[0;32m  OK  [0m] Listening on udev Control Socket.
[   40.411982] systemd[1]: Listening on Device-mapper event daemon FIFOs.
[[0;32m  OK  [0m] Listening on Device-mapper event daemon FIFOs.
[   40.510183] systemd[1]: Listening on LVM2 metadata daemon socket.
[[0;32m  OK  [0m] Listening on LVM2 metadata daemon socket.
[   40.613139] systemd[1]: Created slice User and Session Slice.
[[0;32m  OK  [0m] Created slice User and Session Slice.
[   40.701114] systemd[1]: Started Forward Password Requests to Wall Directory Watch.
[[0;32m  OK  [0m] Started Forward Password Requests to Wall Directory Watch.
[   40.807425] systemd[1]: Created slice System Slice.
[[0;32m  OK  [0m] Created slice System Slice.
[   40.891210] systemd[1]: Starting Load Kernel Modules...
         Starting Load Kernel Modules...
[   41.010297] Loading iSCSI transport class v2.0-870.
[   41.045358] systemd[1]: Starting Set console keymap...
         Starting Set console keymap...
[   41.145100] iscsi: registered transport (tcp)
[   41.180385] systemd[1]: Mounting Huge Pages File System...
         Mounting Huge Pages File System...
[   41.318800] systemd[1]: Starting Nameserver information manager...
         Starting Nameserver information manager...
[   41.503997] systemd[1]: Starting Monitoring of LVM2 mirrors, snapshots etc. using dmeventd or progress polling...
[   41.597766] iscsi: registered transport (iser)
         Starting Monitoring of LVM2 mirrors... dmeventd or progress polling...
[   41.750942] systemd[1]: Starting Create list of required static device nodes for the current kernel...
         Starting Create list of required st... nodes for the current kernel...
[   41.975568] systemd[1]: Mounting POSIX Message Queue File System...
         Mounting POSIX Message Queue File System...
[   42.064228] systemd[1]: Starting Remount Root and Kernel File Systems...
[   42.124333] EXT4-fs (sda1): re-mounted. Opts: (null)
         Starting Remount Root and Kernel File Systems...
[   42.198613] systemd[1]: Starting Uncomplicated firewall...
         Starting Uncomplicated firewall...
[   42.289255] systemd[1]: Reached target Slices.
[[0;32m  OK  [0m] Reached target Slices.
[   42.370669] systemd[1]: Listening on Journal Audit Socket.
[[0;32m  OK  [0m] Listening on Journal Audit Socket.
[   42.465031] systemd[1]: Mounting Debug File System...
         Mounting Debug File System...
[   42.544435] systemd[1]: Listening on /dev/initctl Compatibility Named Pipe.
[[0;32m  OK  [0m] Listening on /dev/initctl Compatibility Named Pipe.
[   42.647021] systemd[1]: Created slice system-serial\x2dgetty.slice.
[[0;32m  OK  [0m] Created slice system-serial\x2dgetty.slice.
[   42.750848] systemd[1]: Reached target System Time Synchronized.
[[0;32m  OK  [0m] Reached target System Time Synchronized.
[   42.860537] systemd[1]: Listening on udev Kernel Socket.
[[0;32m  OK  [0m] Listening on udev Kernel Socket.
[   42.948020] systemd[1]: Listening on Syslog Socket.
[[0;32m  OK  [0m] Listening on Syslog Socket.
[   43.027387] systemd[1]: Starting Journal Service...
         Starting Journal Service...
[   43.135942] systemd[1]: Mounted Debug File System.
[[0;32m  OK  [0m] Mounted Debug File System.
[   43.276365] systemd[1]: Mounted Huge Pages File System.
[[0;32m  OK  [0m] Mounted Huge Pages File System.
[   43.365457] systemd[1]: Mounted POSIX Message Queue File System.
[[0;32m  OK  [0m] Mounted POSIX Message Queue File System.
[   43.491063] systemd[1]: Started Journal Service.
[[0;32m  OK  [0m] Started Journal Service.
[[0;32m  OK  [0m] Started Load Kernel Modules.
[[0;32m  OK  [0m] Started Set console keymap.
[[0;32m  OK  [0m] Started Create list of required sta...ce nodes for the current kernel.
[[0;32m  OK  [0m] Started Remount Root and Kernel File Systems.
[[0;32m  OK  [0m] Started Uncomplicated firewall.
[[0;32m  OK  [0m] Started Nameserver information manager.
[[0;32m  OK  [0m] Started LVM2 metadata daemon.
         Starting Load/Save Random Seed...
         Starting udev Coldplug all Devices...
         Starting Create Static Device Nodes in /dev...
         Starting Apply Kernel Variables...
         Mounting FUSE Control File System...
         Starting Flush Journal to Persistent Storage...
[[0;32m  OK  [0m] Mounted FUSE Control File System.
[[0;32m  OK  [0m] Started Monitoring of LVM2 mirrors,...ng dmeventd or progress polling.
[[0;32m  OK  [0m] Started Load/Save Random Seed.
[[0;32m  OK  [0m] Started Create Static Device Nodes in /dev.
[[0;32m  OK  [0m] Started Apply Kernel Variables.
[[0;32m  OK  [0m] Started udev Coldplug all Devices.
[[0;32m  OK  [0m] Started Flush Journal to Persistent Storage.
         Starting udev Kernel Device Manager...
[[0;32m  OK  [0m] Reached target Local File Systems (Pre).
[[0;32m  OK  [0m] Reached target Local File Systems.
         Starting Tell Plymouth To Write Out Runtime Data...
         Starting Initial cloud-init job (pre-networking)...
         Starting Set console font and keymap...
         Starting Create Volatile Files and Directories...
         Starting LSB: AppArmor initialization...
[[0;32m  OK  [0m] Started udev Kernel Device Manager.
[[0;32m  OK  [0m] Started Tell Plymouth To Write Out Runtime Data.
[[0;32m  OK  [0m] Started Create Volatile Files and Directories.
         Starting Update UTMP about System Boot/Shutdown...
[[0;32m  OK  [0m] Started Dispatch Password Requests to Console Directory Watch.
[   43.025118] cloud-init[483]: Cloud-init v. 18.4-0ubuntu1~16.04.2 running 'init-local' at Thu, 24 Jan 2019 10:51:27 +0000. Up 41.57 seconds.
[[0;32m  OK  [0m] Started Initial cloud-init job (pre-networking).
[[0;32m  OK  [0m] Started Update UTMP about System Boot/Shutdown.
[[0;32m  OK  [0m] Started LSB: AppArmor initialization.
[[0;32m  OK  [0m] Found device /dev/ttyS0.
[[0;32m  OK  [0m] Listening on Load/Save RF Kill Switch Status /dev/rfkill Watch.
[[0;32m  OK  [0m] Reached target Network (Pre).
         Starting Raise network interfaces...
[[0;32m  OK  [0m] Started ifup for enp0s3.
[[0;32m  OK  [0m] Started ifup for enp0s8.
[[0;32m  OK  [0m] Started Set console font and keymap.
[[0;32m  OK  [0m] Created slice system-getty.slice.
[[0;32m  OK  [0m] Started Raise network interfaces.
         Starting Initial cloud-init job (metadata service crawler)...
[[0;32m  OK  [0m] Reached target Network.
[   71.344967] cloud-init[1312]: Cloud-init v. 18.4-0ubuntu1~16.04.2 running 'init' at Thu, 24 Jan 2019 10:51:56 +0000. Up 70.20 seconds.
[   71.475245] cloud-init[1312]: ci-info: ++++++++++++++++++++++++++++++++++++++Net device info+++++++++++++++++++++++++++++++++++++++
[   71.546688] cloud-init[1312]: ci-info: +--------+------+-----------------------------+---------------+--------+-------------------+
[   71.668818] cloud-init[1312]: ci-info: | Device |  Up  |           Address           |      Mask     | Scope  |     Hw-Address    |[
[0;32m  OK  [0m[   71.840818] ] cloud-initStarted Initial cloud-init job (metadata service crawler).[1312]: ci-info: +--------+------+-----------------------------+---------------+--------+-------------------+
[[0;32m  OK  [0m] 
Reached target Network is Online.[   72.009594] cloud-init
         [1312]: ci-info: | enp0s3 | True |          10.0.2.15          | 255.255.255.0 | global | 02:9c:d2:53:c1:d1 |Starting iSCSI initiator daemon (iscsid)...
[[0;32m  OK  [0m] Reached target Cloud-config availability.

[   72.172822] [cloud-init[0;32m  OK  [0m[1312]: ] Reached target System Initialization.ci-info: | enp0s3 | True |  fe80::9c:d2ff:fe53:c1d1/64 |       .       |  link  | 02:9c:d2:53:c1:d1 |
         Starting Socket activation for snappy daemon.

[   72.336015] [[0;32m  OK  [0mcloud-init[1312]: ci-info: | enp0s8 | True |        192.168.33.50        | 255.255.255.0 | global | 08:00:27:27:7c:48 |
[   72.368767] cloud-init[1312]: ci-info: | enp0s8 | True | fe80::a00:27ff:fe27:7c48/64 |       .       |  link  | 08:00:27:27:7c:48 |
[   72.368898] cloud-init[1312]: ci-info: |   lo   | True |          127.0.0.1          |   255.0.0.0   |  host  |         .         |
] Started Daily Cleanup of Temporary Directories.
[   72.376710] [[0;32m  OK  [0mcloud-init[1312]: ci-info: |   lo   | True |           ::1/128           |       .       |  host  |         .         |] Listening on D-Bus System Message Bus Socket.
[[0;32m  OK  [0m
] Listening on ACPID Listen Socket.[   72.749534] cloud-init[1312]: ci-info: +--------+------+-----------------------------+---------------+--------+-------------------+
[   72.749894] cloud-init[1312]: ci-info: ++++++++++++++++++++++++++++Route IPv4 info++++++++++++++++++++++++++++
[   72.750016] cloud-init[1312]: ci-info: +-------+--------------+----------+---------------+-----------+-------+
[   72.750433] cloud-init[1312]: ci-info: | Route | Destination  | Gateway  |    Genmask    | Interface | Flags |
[   72.750856] cloud-init[1312]: ci-info: +-------+--------------+----------+---------------+-----------+-------+
[   72.750987] cloud-init[1312]: ci-info: |   0   |   0.0.0.0    | 10.0.2.2 |    0.0.0.0    |   enp0s3  |   UG  |
[   72.751329] cloud-init[1312]: ci-info: |   1   |   10.0.2.0   | 0.0.0.0  | 255.255.255.0 |   enp0s3  |   U   |
[   72.751450] cloud-init[1312]: ci-info: |   2   | 192.168.33.0 | 0.0.0.0  | 255.255.255.0 |   enp0s8  |   U   |
[   72.751797] cloud-init[1312]: ci-info: +-------+--------------+----------+---------------+-----------+-------+
[   72.751917] cloud-init[1312]: ci-info: +++++++++++++++++++Route IPv6 info+++++++++++++++++++
[   72.752033] cloud-init[1312]: ci-info: +-------+-------------+---------+-----------+-------+
[   72.753301] cloud-init[1312]: ci-info: | Route | Destination | Gateway | Interface | Flags |
[   72.753443] cloud-init[1312]: ci-info: +-------+-------------+---------+-----------+-------+
[   72.753907] cloud-init[1312]: ci-info: |   0   |  fe80::/64  |    ::   |   enp0s3  |   U   |
[   72.754030] cloud-init[1312]: ci-info: |   1   |  fe80::/64  |    ::   |   enp0s8  |   U   |
[   72.754150] cloud-init[1312]: ci-info: |   6   |   ff00::/8  |    ::   |   enp0s3  |   U   |
[   72.754266] cloud-init[1312]: ci-info: |   7   |   ff00::/8  |    ::   |   enp0s8  |   U   |
[   72.754385] cloud-init[1312]: ci-info: +-------+-------------+---------+-----------+-------+

[[0;32m  OK  [0m] Started Daily apt download activities.
[[0;32m  OK  [0m] Started ACPI Events Check.
[[0;32m  OK  [0m] Reached target Paths.
[[0;32m  OK  [0m] Started Daily apt upgrade and clean activities.
         Starting Docker Socket for the API.
[[0;32m  OK  [0m] Listening on UUID daemon activation socket.
         Starting LXD - unix socket.
[[0;32m  OK  [0m] Reached target Timers.
[[0;32m  OK  [0m] Listening on Socket activation for snappy daemon.
[[0;32m  OK  [0m] Listening on Docker Socket for the API.
[[0;32m  OK  [0m] Listening on LXD - unix socket.
[[0;32m  OK  [0m] Started iSCSI initiator daemon (iscsid).
         Starting Login to default iSCSI targets...
[[0;32m  OK  [0m] Reached target Sockets.
[[0;32m  OK  [0m] Reached target Basic System.
         Starting Ubuntu FAN network setup...
         Starting Login Service...
         Starting LSB: MD monitoring daemon...
         Starting /etc/rc.local Compatibility...
[[0;32m  OK  [0m] Started Unattended Upgrades Shutdown.
[[0;32m  OK  [0m] Started ACPI event daemon.
         Starting OpenBSD Secure Shell server...
[[0;32m  OK  [0m] Started Deferred execution scheduler.
[[0;32m  OK  [0m] Started D-Bus System Message Bus.
[[0;32m  OK  [0m] Started FUSE filesystem for LXC.
[[0;32m  OK  [0m] Started Regular background program processing daemon.
         Starting Docker Application Container Engine...
         Starting LXD - container startup/shutdown...
         Starting System Logging Service...
         Starting Accounts Service...
         Starting LSB: Record successful boot for GRUB...
         Starting Virtualbox guest utils...
         Starting Snappy daemon...
[[0;32m  OK  [0m] Started System Logging Service.
[[0;32m  OK  [0m] Started Ubuntu FAN network setup.
[[0;32m  OK  [0m] Started /etc/rc.local Compatibility.
[[0;32m  OK  [0m] Started Login to default iSCSI targets.
[[0;32m  OK  [0m] Started OpenBSD Secure Shell server.
[[0;32m  OK  [0m] Started LXD - container startup/shutdown.
[[0;32m  OK  [0m] Started LSB: MD monitoring daemon.
[[0;32m  OK  [0m] Started Login Service.
         Starting Authenticate and Authorize Users to Run Privileged Tasks...
[[0;32m  OK  [0m] Reached target Remote File Systems (Pre).
[[0;32m  OK  [0m] Reached target Remote File Systems.
         Starting Permit User Sessions...
         Starting LSB: Set up cgroupfs mounts....
         Starting LSB: automatic crash report generation...
         Starting LSB: Set the CPU Frequency Scaling governor to "ondemand"...
         Starting LSB: daemon to balance interrupts for SMP systems...
[[0;32m  OK  [0m] Started LSB: Record successful boot for GRUB.
[[0;32m  OK  [0m] Started Permit User Sessions.
[[0;32m  OK  [0m] Started LSB: Set up cgroupfs mounts..
[[0;32m  OK  [0m] Started Authenticate and Authorize Users to Run Privileged Tasks.
[[0;32m  OK  [0m] Started Accounts Service.
[[0;32m  OK  [0m] Created slice User Slice of vagrant.
         Starting User Manager for UID 1000...
[[0;32m  OK  [0m] Started Session 1 of user vagrant.
         Starting Terminate Plymouth Boot Screen...
         Starting Hold until boot process finishes up...
[[0;32m  OK  [0m] Started User Manager for UID 1000.
[[0;32m  OK  [0m] Started Virtualbox guest utils.
[[0;32m  OK  [0m] Started LSB: Set the CPU Frequency Scaling governor to "ondemand".
[[0;32m  OK  [0m] Started LSB: daemon to balance interrupts for SMP systems.
[[0;32m  OK  [0m] Started Terminate Plymouth Boot Screen.
[[0;32m  OK  [0m] Started Hold until boot process finishes up.
[[0;32m  OK  [0m] Started Snappy daemon.
[[0;32m  OK  [0m] Started LSB: automatic crash report generation.
         Starting Wait until snapd is fully seeded...
[[0;32m  OK  [0m] Started Getty on tty1.
         Starting Set console scheme...
[[0;32m  OK  [0m] Started Serial Getty on ttyS0.
[[0;32m  OK  [0m] Reached target Login Prompts.
[[0;32m  OK  [0m] Started Set console scheme.
[[0;32m  OK  [0m] Started Wait until snapd is fully seeded.
         Starting Apply the settings specified in cloud-config...

Ubuntu 16.04.5 LTS terraform-box ttyS0

terraform-box login: [   90.527142] cloud-init[1615]: Cloud-init v. 18.4-0ubuntu1~16.04.2 running 'modules:config' at Thu, 24 Jan 2019 10:52:15 +0000. Up 89.88 seconds.
[   92.306573] cloud-init[2227]: Cloud-init v. 18.4-0ubuntu1~16.04.2 running 'modules:final' at Thu, 24 Jan 2019 10:52:17 +0000. Up 91.99 seconds.
[   92.432835] cloud-init[2227]: Cloud-init v. 18.4-0ubuntu1~16.04.2 finished at Thu, 24 Jan 2019 10:52:18 +0000. Datasource DataSourceNoCloud [seed=/dev/sdb][dsmode=net].  Up 92.28 seconds
         Stopping Session 6 of user vagrant.
[[0;32m  OK  [0m] Closed Load/Save RF Kill Switch Status /dev/rfkill Watch.
         Stopping User Manager for UID 1000...
[[0;32m  OK  [0m] Stopped target Cloud-init target.
[[0;32m  OK  [0m] Stopped target Graphical Interface.
         Stopping ACPI event daemon...
         Stopping Authenticate and Authorize Users to Run Privileged Tasks...
[[0;32m  OK  [0m] Stopped target Timers.
[[0;32m  OK  [0m] Stopped Daily apt upgrade and clean activities.
[[0;32m  OK  [0m] Stopped Daily Cleanup of Temporary Directories.
[[0;32m  OK  [0m] Stopped Daily apt download activities.
[[0;32m  OK  [0m] Stopped target System Time Synchronized.
[[0;32m  OK  [0m] Stopped Execute cloud user/final scripts.
[[0;32m  OK  [0m] Stopped target Multi-User System.
         Stopping Ubuntu FAN network setup...
         Stopping LSB: Set the CPU Frequency Scaling governor to "ondemand"...
         Stopping LXD - container startup/shutdown...
[[0;32m  OK  [0m] Stopped target Login Prompts.
         Stopping Getty on tty1...
         Stopping Serial Getty on ttyS0...
         Stopping Deferred execution scheduler...
         Stopping LSB: automatic crash report generation...
         Stopping D-Bus System Message Bus...
         Stopping System Logging Service...
         Stopping Unattended Upgrades Shutdown...
         Stopping LSB: daemon to balance interrupts for SMP systems...
         Stopping Virtualbox guest utils...
         Stopping LSB: MD monitoring daemon...
         Stopping Docker Application Container Engine...
         Stopping FUSE filesystem for LXC...
         Stopping LSB: Set up cgroupfs mounts....
[[0;32m  OK  [0m] Stopped Apply the settings specified in cloud-config.
[[0;32m  OK  [0m] Stopped Wait until snapd is fully seeded.
         Stopping Snappy daemon...
         Stopping OpenBSD Secure Shell server...
[[0;32m  OK  [0m] Stopped target Cloud-config availability.
         Stopping Accounts Service...
         Stopping LSB: Record successful boot for GRUB...
         Stopping Regular background program processing daemon...
[[0;32m  OK  [0m] Unmounted /var/lib/lxcfs.
[[0;32m  OK  [0m] Stopped ACPI event daemon.
[[0;32m  OK  [0m] Stopped Deferred execution scheduler.
[[0;32m  OK  [0m] Stopped Regular background program processing daemon.
[[0;32m  OK  [0m] Stopped System Logging Service.
[[0;32m  OK  [0m] Stopped Docker Application Container Engine.
[[0;32m  OK  [0m] Stopped Accounts Service.
[[0;32m  OK  [0m] Stopped Snappy daemon.
[[0;32m  OK  [0m] Stopped OpenBSD Secure Shell server.
[[0;32m  OK  [0m] Stopped Authenticate and Authorize Users to Run Privileged Tasks.
[[0;32m  OK  [0m] Stopped Getty on tty1.
[[0;32m  OK  [0m] Stopped Serial Getty on ttyS0.
[[0;32m  OK  [0m] Stopped User Manager for UID 1000.
[[0;32m  OK  [0m] Stopped Session 6 of user vagrant.
[[0;32m  OK  [0m] Stopped Ubuntu FAN network setup.
[[0;32m  OK  [0m] Stopped D-Bus System Message Bus.
[[0;32m  OK  [0m] Stopped Unattended Upgrades Shutdown.
[[0;32m  OK  [0m] Stopped LSB: Set up cgroupfs mounts..
[[0;32m  OK  [0m] Stopped FUSE filesystem for LXC.
[[0;32m  OK  [0m] Stopped LXD - container startup/shutdown.
[[0;32m  OK  [0m] Stopped LSB: Set the CPU Frequency Scaling governor to "ondemand".
[[0;32m  OK  [0m] Stopped LSB: automatic crash report generation.
[[0;32m  OK  [0m] Stopped LSB: daemon to balance interrupts for SMP systems.
[[0;32m  OK  [0m] Stopped LSB: MD monitoring daemon.
[[0;32m  OK  [0m] Stopped Virtualbox guest utils.
[[0;32m  OK  [0m] Stopped LSB: Record successful boot for GRUB.
[[0;32m  OK  [0m] Removed slice User Slice of vagrant.
         Stopping Login Service...
[[0;32m  OK  [0m] Removed slice system-serial\x2dgetty.slice.
         Stopping Permit User Sessions...
[[0;32m  OK  [0m] Removed slice system-getty.slice.
[[0;32m  OK  [0m] Stopped /etc/rc.local Compatibility.
[[0;32m  OK  [0m] Stopped Login Service.
[[0;32m  OK  [0m] Stopped Permit User Sessions.
[[0;32m  OK  [0m] Stopped target Remote File Systems.
[[0;32m  OK  [0m] Stopped target Remote File Systems (Pre).
         Stopping Login to default iSCSI targets...
[[0;32m  OK  [0m] Stopped target User and Group Name Lookups.
[[0;32m  OK  [0m] Stopped target Basic System.
[[0;32m  OK  [0m] Stopped target Slices.
[[0;32m  OK  [0m] Removed slice User and Session Slice.
[[0;32m  OK  [0m] Stopped target Paths.
[[0;32m  OK  [0m] Stopped Dispatch Password Requests to Console Directory Watch.
[[0;32m  OK  [0m] Stopped ACPI Events Check.
[[0;32m  OK  [0m] Stopped Forward Password Requests to Wall Directory Watch.
[[0;32m  OK  [0m] Stopped target Sockets.
[[0;32m  OK  [0m] Closed ACPID Listen Socket.
[[0;32m  OK  [0m] Closed D-Bus System Message Bus Socket.
[[0;32m  OK  [0m] Closed Syslog Socket.
[[0;32m  OK  [0m] Closed LXD - unix socket.
[[0;32m  OK  [0m] Closed Docker Socket for the API.
[[0;32m  OK  [0m] Closed Socket activation for snappy daemon.
[[0;32m  OK  [0m] Closed UUID daemon activation socket.
[[0;32m  OK  [0m] Stopped target System Initialization.
[[0;32m  OK  [0m] Stopped target Swap.
         Stopping Load/Save Random Seed...
[[0;32m  OK  [0m] Stopped target Encrypted Volumes.
         Stopping Update UTMP about System Boot/Shutdown...
[[0;32m  OK  [0m] Stopped Load/Save Random Seed.
[[0;32m  OK  [0m] Stopped Login to default iSCSI targets.
[[0;32m  OK  [0m] Stopped Update UTMP about System Boot/Shutdown.
[[0;32m  OK  [0m] Stopped Create Volatile Files and Directories.
         Stopping iSCSI initiator daemon (iscsid)...
[[0;32m  OK  [0m] Stopped iSCSI initiator daemon (iscsid).
[[0;32m  OK  [0m] Stopped target Network is Online.
[[0;32m  OK  [0m] Stopped Initial cloud-init job (metadata service crawler).
[[0;32m  OK  [0m] Stopped target Network.
         Stopping Raise network interfaces...
[[0;32m  OK  [0m] Stopped Raise network interfaces.
[[0;32m  OK  [0m] Stopped target Local File Systems.
         Unmounting /vagrant...
         Unmounting /run/user/1000...
[[0;32m  OK  [0m] Stopped target Network (Pre).
[[0;32m  OK  [0m] Stopped Initial cloud-init job (pre-networking).
[[0;32m  OK  [0m] Stopped Apply Kernel Variables.
[[0;32m  OK  [0m] Stopped Load Kernel Modules.
[[0;32m  OK  [0m] Unmounted /vagrant.
[[0;32m  OK  [0m] Unmounted /run/user/1000.
[[0;32m  OK  [0m] Reached target Unmount All Filesystems.
[[0;32m  OK  [0m] Stopped target Local File Systems (Pre).
         Stopping Monitoring of LVM2 mirrors... dmeventd or progress polling...
[[0;32m  OK  [0m] Stopped Remount Root and Kernel File Systems.
[[0;32m  OK  [0m] Stopped Create Static Device Nodes in /dev.
[[0;32m  OK  [0m] Reached target Shutdown.
[ 7347.164476] reboot: Power down
