[    0.000000] Initializing cgroup subsys cpuset
[    0.000000] Initializing cgroup subsys cpu
[    0.000000] Initializing cgroup subsys cpuacct
[    0.000000] Linux version 4.4.0-141-generic (buildd@lcy01-amd64-006) (gcc version 5.4.0 20160609 (Ubuntu 5.4.0-6ubuntu1~16.04.10) ) #167-Ubuntu SMP Wed Dec 5 10:40:15 UTC 2018 (Ubuntu 4.4.0-141.167-generic 4.4.162)
[    0.000000] Command line: BOOT_IMAGE=/boot/vmlinuz-4.4.0-141-generic root=LABEL=cloudimg-rootfs ro console=tty1 console=ttyS0
[    0.000000] KERNEL supported cpus:
[    0.000000]   Intel GenuineIntel
[    0.000000]   AMD AuthenticAMD
[    0.000000]   Centaur CentaurHauls
[    0.000000] x86/fpu: xstate_offset[2]:  576, xstate_sizes[2]:  256
[    0.000000] x86/fpu: Supporting XSAVE feature 0x01: 'x87 floating point registers'
[    0.000000] x86/fpu: Supporting XSAVE feature 0x02: 'SSE registers'
[    0.000000] x86/fpu: Supporting XSAVE feature 0x04: 'AVX registers'
[    0.000000] x86/fpu: Enabled xstate features 0x7, context size is 832 bytes, using 'standard' format.
[    0.000000] e820: BIOS-provided physical RAM map:
[    0.000000] BIOS-e820: [mem 0x0000000000000000-0x000000000009fbff] usable
[    0.000000] BIOS-e820: [mem 0x000000000009fc00-0x000000000009ffff] reserved
[    0.000000] BIOS-e820: [mem 0x00000000000f0000-0x00000000000fffff] reserved
[    0.000000] BIOS-e820: [mem 0x0000000000100000-0x000000007ffeffff] usable
[    0.000000] BIOS-e820: [mem 0x000000007fff0000-0x000000007fffffff] ACPI data
[    0.000000] BIOS-e820: [mem 0x00000000fec00000-0x00000000fec00fff] reserved
[    0.000000] BIOS-e820: [mem 0x00000000fee00000-0x00000000fee00fff] reserved
[    0.000000] BIOS-e820: [mem 0x00000000fffc0000-0x00000000ffffffff] reserved
[    0.000000] NX (Execute Disable) protection: active
[    0.000000] SMBIOS 2.5 present.
[    0.000000] Hypervisor detected: KVM
[    0.000000] e820: last_pfn = 0x7fff0 max_arch_pfn = 0x400000000
[    0.000000] MTRR: Disabled
[    0.000000] x86/PAT: MTRRs disabled, skipping PAT initialization too.
[    0.000000] CPU MTRRs all blank - virtualized system.
[    0.000000] x86/PAT: Configuration [0-7]: WB  WT  UC- UC  WB  WT  UC- UC  
[    0.000000] found SMP MP-table at [mem 0x0009fff0-0x0009ffff] mapped at [ffff88000009fff0]
[    0.000000] Scanning 1 areas for low memory corruption
[    0.000000] RAMDISK: [mem 0x36304000-0x37179fff]
[    0.000000] ACPI: Early table checksum verification disabled
[    0.000000] ACPI: RSDP 0x00000000000E0000 000024 (v02 VBOX  )
[    0.000000] ACPI: XSDT 0x000000007FFF0030 00003C (v01 VBOX   VBOXXSDT 00000001 ASL  00000061)
[    0.000000] ACPI: FACP 0x000000007FFF00F0 0000F4 (v04 VBOX   VBOXFACP 00000001 ASL  00000061)
[    0.000000] ACPI: DSDT 0x000000007FFF0470 0021FF (v02 VBOX   VBOXBIOS 00000002 INTL 20100528)
[    0.000000] ACPI: FACS 0x000000007FFF0200 000040
[    0.000000] ACPI: FACS 0x000000007FFF0200 000040
[    0.000000] ACPI: APIC 0x000000007FFF0240 000054 (v02 VBOX   VBOXAPIC 00000001 ASL  00000061)
[    0.000000] ACPI: SSDT 0x000000007FFF02A0 0001CC (v01 VBOX   VBOXCPUT 00000002 INTL 20100528)
[    0.000000] No NUMA configuration found
[    0.000000] Faking a node at [mem 0x0000000000000000-0x000000007ffeffff]
[    0.000000] NODE_DATA(0) allocated [mem 0x7ffeb000-0x7ffeffff]
[    0.000000] kvm-clock: Using msrs 4b564d01 and 4b564d00
[    0.000000] kvm-clock: cpu 0, msr 0:7ffe3001, primary cpu clock
[    0.000000] kvm-clock: using sched offset of 20312116078 cycles
[    0.000000] clocksource: kvm-clock: mask: 0xffffffffffffffff max_cycles: 0x1cd42e4dffb, max_idle_ns: 881590591483 ns
[    0.000000] Zone ranges:
[    0.000000]   DMA      [mem 0x0000000000001000-0x0000000000ffffff]
[    0.000000]   DMA32    [mem 0x0000000001000000-0x000000007ffeffff]
[    0.000000]   Normal   empty
[    0.000000]   Device   empty
[    0.000000] Movable zone start for each node
[    0.000000] Early memory node ranges
[    0.000000]   node   0: [mem 0x0000000000001000-0x000000000009efff]
[    0.000000]   node   0: [mem 0x0000000000100000-0x000000007ffeffff]
[    0.000000] Initmem setup node 0 [mem 0x0000000000001000-0x000000007ffeffff]
[    0.000000] ACPI: PM-Timer IO Port: 0x4008
[    0.000000] IOAPIC[0]: apic_id 1, version 32, address 0xfec00000, GSI 0-23
[    0.000000] ACPI: INT_SRC_OVR (bus 0 bus_irq 0 global_irq 2 dfl dfl)
[    0.000000] ACPI: INT_SRC_OVR (bus 0 bus_irq 9 global_irq 9 low level)
[    0.000000] Using ACPI (MADT) for SMP configuration information
[    0.000000] smpboot: Allowing 1 CPUs, 0 hotplug CPUs
[    0.000000] PM: Registered nosave memory: [mem 0x00000000-0x00000fff]
[    0.000000] PM: Registered nosave memory: [mem 0x0009f000-0x0009ffff]
[    0.000000] PM: Registered nosave memory: [mem 0x000a0000-0x000effff]
[    0.000000] PM: Registered nosave memory: [mem 0x000f0000-0x000fffff]
[    0.000000] e820: [mem 0x80000000-0xfebfffff] available for PCI devices
[    0.000000] Booting paravirtualized kernel on KVM
[    0.000000] clocksource: refined-jiffies: mask: 0xffffffff max_cycles: 0xffffffff, max_idle_ns: 7645519600211568 ns
[    0.000000] setup_percpu: NR_CPUS:512 nr_cpumask_bits:512 nr_cpu_ids:1 nr_node_ids:1
[    0.000000] PERCPU: Embedded 34 pages/cpu @ffff88007fc00000 s99608 r8192 d31464 u2097152
[    0.000000] PV qspinlock hash table entries: 256 (order: 0, 4096 bytes)
[    0.000000] Built 1 zonelists in Node order, mobility grouping on.  Total pages: 515960
[    0.000000] Policy zone: DMA32
[    0.000000] Kernel command line: BOOT_IMAGE=/boot/vmlinuz-4.4.0-141-generic root=LABEL=cloudimg-rootfs ro console=tty1 console=ttyS0
[    0.000000] PID hash table entries: 4096 (order: 3, 32768 bytes)
[    0.000000] Memory: 2030024K/2096696K available (8568K kernel code, 1314K rwdata, 4008K rodata, 1528K init, 1316K bss, 66672K reserved, 0K cma-reserved)
[    0.000000] SLUB: HWalign=64, Order=0-3, MinObjects=0, CPUs=1, Nodes=1
[    0.000000] Kernel/User page tables isolation: enabled
[    0.000000] Hierarchical RCU implementation.
[    0.000000] 	Build-time adjustment of leaf fanout to 64.
[    0.000000] 	RCU restricting CPUs from NR_CPUS=512 to nr_cpu_ids=1.
[    0.000000] RCU: Adjusting geometry for rcu_fanout_leaf=64, nr_cpu_ids=1
[    0.000000] NR_IRQS:33024 nr_irqs:256 16
[    0.000000] Console: colour VGA+ 80x25
[    0.000000] console [tty1] enabled
[    0.000000] console [ttyS0] enabled
[    0.000000] tsc: Detected 2591.590 MHz processor
[    5.390669] Calibrating delay loop (skipped) preset value.. 5183.18 BogoMIPS (lpj=10366360)
[    5.456261] pid_max: default: 32768 minimum: 301
[    5.492068] ACPI: Core revision 20150930
[    5.532356] ACPI: 2 ACPI AML tables successfully acquired and loaded
[    5.583164] Security Framework initialized
[    5.620818] Yama: becoming mindful.
[    5.651046] AppArmor: AppArmor initialized
[    5.691766] Dentry cache hash table entries: 262144 (order: 9, 2097152 bytes)
[    5.740806] Inode-cache hash table entries: 131072 (order: 8, 1048576 bytes)
[    5.793122] Mount-cache hash table entries: 4096 (order: 3, 32768 bytes)
[    5.839745] Mountpoint-cache hash table entries: 4096 (order: 3, 32768 bytes)
[    5.887450] Initializing cgroup subsys io
[    5.919436] Initializing cgroup subsys memory
[    5.952591] Initializing cgroup subsys devices
[    5.984909] Initializing cgroup subsys freezer
[    6.023464] Initializing cgroup subsys net_cls
[    6.056250] Initializing cgroup subsys perf_event
[    6.093402] Initializing cgroup subsys net_prio
[    6.127392] Initializing cgroup subsys hugetlb
[    6.166205] Initializing cgroup subsys pids
[    6.219205] mce: CPU supports 0 MCE banks
[    6.253438] process: using mwait in idle threads
[    6.294286] Last level iTLB entries: 4KB 512, 2MB 8, 4MB 8
[    6.337424] Last level dTLB entries: 4KB 512, 2MB 32, 4MB 32, 1GB 0
[    6.384136] Spectre V2 : Mitigation: Full generic retpoline
[    6.434195] Spectre V2 : Spectre v2 mitigation: Speculation control IBPB not-supported IBRS not-supported
[    6.494937] Spectre V2 : Spectre v2 / SpectreRSB mitigation: Filling RSB on context switch
[    6.565253] Speculative Store Bypass: Vulnerable
[    6.905106] Freeing SMP alternatives memory: 32K
[    7.150529] ftrace: allocating 32291 entries in 127 pages
[    8.099584] smpboot: APIC(0) Converting physical 0 to logical package 0
[    8.175601] smpboot: Max logical packages: 1
[    8.221435] x2apic enabled
[    8.256253] Switched APIC routing to physical x2apic.
[    8.337562] ..TIMER: vector=0x30 apic1=0 pin1=2 apic2=-1 pin2=-1
[    8.485499] smpboot: CPU0: Intel(R) Core(TM) i5-3320M CPU @ 2.60GHz (family: 0x6, model: 0x3a, stepping: 0x9)
[    8.573119] Performance Events: unsupported p6 CPU model 58 no PMU driver, software events only.
[    8.646747] KVM setup paravirtual spinlock
[    8.680297] x86: Booted up 1 node, 1 CPUs
[    8.711002] smpboot: Total of 1 processors activated (5183.18 BogoMIPS)
[    8.781193] devtmpfs: initialized
[    8.817780] evm: security.selinux
[    8.845479] evm: security.SMACK64
[    8.873886] evm: security.SMACK64EXEC
[    8.902556] evm: security.SMACK64TRANSMUTE
[    8.935836] evm: security.SMACK64MMAP
[    8.968022] evm: security.ima
[    8.993343] evm: security.capability
[    9.028136] clocksource: jiffies: mask: 0xffffffff max_cycles: 0xffffffff, max_idle_ns: 7645041785100000 ns
[    9.104672] futex hash table entries: 256 (order: 2, 16384 bytes)
[    9.155667] pinctrl core: initialized pinctrl subsystem
[    9.207479] RTC time: 19:53:19, date: 01/24/19
[    9.242964] NET: Registered protocol family 16
[    9.319778] cpuidle: using governor ladder
[    9.358242] cpuidle: using governor menu
[    9.397162] PCCT header not found.
[    9.425112] ACPI: bus type PCI registered
[    9.457013] acpiphp: ACPI Hot Plug PCI Controller Driver version: 0.5
[    9.506020] PCI: Using configuration type 1 for base access
[    9.549262] ACPI: Added _OSI(Module Device)
[    9.579798] ACPI: Added _OSI(Processor Device)
[    9.613830] ACPI: Added _OSI(3.0 _SCP Extensions)
[    9.652043] ACPI: Added _OSI(Processor Aggregator Device)
[    9.701226] ACPI: Executed 1 blocks of module-level executable AML code
[    9.768925] ACPI: Interpreter enabled
[    9.799758] ACPI: (supports S0 S5)
[    9.829835] ACPI: Using IOAPIC for interrupt routing
[    9.867905] PCI: Using host bridge windows from ACPI; if necessary, use "pci=nocrs" and report a bug
[    9.979222] ACPI: PCI Root Bridge [PCI0] (domain 0000 [bus 00-ff])
[   10.021763] acpi PNP0A03:00: _OSC: OS supports [ASPM ClockPM Segments MSI]
[   10.071700] acpi PNP0A03:00: _OSC: not requesting OS control; OS requires [ExtendedConfig ASPM ClockPM MSI]
[   10.146309] acpi PNP0A03:00: fail to add MMCONFIG information, can't access extended PCI configuration space under this bridge.
[   10.253619] PCI host bridge to bus 0000:00
[   10.297730] pci_bus 0000:00: root bus resource [io  0x0000-0x0cf7 window]
[   10.382900] pci_bus 0000:00: root bus resource [io  0x0d00-0xffff window]
[   10.428755] pci_bus 0000:00: root bus resource [mem 0x000a0000-0x000bffff window]
[   10.484562] pci_bus 0000:00: root bus resource [mem 0x80000000-0xfdffffff window]
[   10.544394] pci_bus 0000:00: root bus resource [bus 00-ff]
[   10.649114] pci 0000:00:01.1: legacy IDE quirk: reg 0x10: [io  0x01f0-0x01f7]
[   10.696690] pci 0000:00:01.1: legacy IDE quirk: reg 0x14: [io  0x03f6]
[   10.747032] pci 0000:00:01.1: legacy IDE quirk: reg 0x18: [io  0x0170-0x0177]
[   10.797729] pci 0000:00:01.1: legacy IDE quirk: reg 0x1c: [io  0x0376]
[   11.069680] pci 0000:00:07.0: quirk: [io  0x4000-0x403f] claimed by PIIX4 ACPI
[   11.483303] pci 0000:00:07.0: quirk: [io  0x4100-0x410f] claimed by PIIX4 SMB
[   11.678974] ACPI: PCI Interrupt Link [LNKA] (IRQs 5 9 10 *11)
[   11.745968] ACPI: PCI Interrupt Link [LNKB] (IRQs 5 9 *10 11)
[   11.809559] ACPI: PCI Interrupt Link [LNKC] (IRQs 5 *9 10 11)
[   11.876136] ACPI: PCI Interrupt Link [LNKD] (IRQs 5 9 10 *11)
[   11.936952] ACPI: Enabled 2 GPEs in block 00 to 07
[   11.982716] vgaarb: setting as boot device: PCI:0000:00:02.0
[   12.021879] vgaarb: device added: PCI:0000:00:02.0,decodes=io+mem,owns=io+mem,locks=none
[   12.082402] vgaarb: loaded
[   12.107173] vgaarb: bridge control possible 0000:00:02.0
[   12.147395] SCSI subsystem initialized
[   12.180448] ACPI: bus type USB registered
[   12.218983] usbcore: registered new interface driver usbfs
[   12.301491] usbcore: registered new interface driver hub
[   12.343091] usbcore: registered new device driver usb
[   12.393101] PCI: Using ACPI for IRQ routing
[   12.435778] NetLabel: Initializing
[   12.464892] NetLabel:  domain hash size = 128
[   12.499152] NetLabel:  protocols = UNLABELED CIPSOv4
[   12.534302] NetLabel:  unlabeled traffic allowed by default
[   12.580262] amd_nb: Cannot enumerate AMD northbridges
[   12.621612] clocksource: Switched to clocksource kvm-clock
[   12.700235] AppArmor: AppArmor Filesystem Enabled
[   12.733972] pnp: PnP ACPI init
[   12.773337] pnp: PnP ACPI: found 3 devices
[   12.815382] clocksource: acpi_pm: mask: 0xffffff max_cycles: 0xffffff, max_idle_ns: 2085701024 ns
[   12.882182] NET: Registered protocol family 2
[   12.916767] TCP established hash table entries: 16384 (order: 5, 131072 bytes)
[   12.972868] TCP bind hash table entries: 16384 (order: 6, 262144 bytes)
[   13.023343] TCP: Hash tables configured (established 16384 bind 16384)
[   13.071465] UDP hash table entries: 1024 (order: 3, 32768 bytes)
[   13.112629] UDP-Lite hash table entries: 1024 (order: 3, 32768 bytes)
[   13.159006] NET: Registered protocol family 1
[   13.209596] pci 0000:00:00.0: Limiting direct PCI/PCI transfers
[   13.269122] pci 0000:00:01.0: Activating ISA DMA hang workarounds
[   13.319785] Unpacking initramfs...
[   14.239369] Freeing initrd memory: 14808K
[   14.272660] RAPL PMU detected, API unit is 2^-32 Joules, 3 fixed counters 10737418240 ms ovfl timer
[   14.346054] hw unit of domain pp0-core 2^-0 Joules
[   14.391969] hw unit of domain package 2^-0 Joules
[   14.425935] hw unit of domain pp1-gpu 2^-0 Joules
[   14.461386] platform rtc_cmos: registered platform RTC device (no PNP device found)
[   14.511680] Scanning for low memory corruption every 60 seconds
[   14.552594] audit: initializing netlink subsys (disabled)
[   14.590767] audit: type=2000 audit(1548359616.974:1): initialized
[   14.636424] Initialise system trusted keyring
[   14.669854] HugeTLB registered 2 MB page size, pre-allocated 0 pages
[   14.718574] zbud: loaded
[   14.742812] VFS: Disk quotas dquot_6.6.0
[   14.773021] VFS: Dquot-cache hash table entries: 512 (order 0, 4096 bytes)
[   14.820366] squashfs: version 4.0 (2009/01/31) Phillip Lougher
[   14.863556] fuse init (API version 7.23)
[   14.914905] Key type big_key registered
[   14.954986] Allocating IMA MOK and blacklist keyrings.
[   15.013413] Key type asymmetric registered
[   15.049710] Asymmetric key parser 'x509' registered
[   15.089288] Block layer SCSI generic (bsg) driver version 0.4 loaded (major 249)
[   15.161043] io scheduler noop registered
[   15.218254] io scheduler deadline registered (default)
[   15.268233] io scheduler cfq registered
[   15.320661] pci_hotplug: PCI Hot Plug PCI Core version: 0.5
[   15.364695] pciehp: PCI Express Hot Plug Controller Driver version: 0.4
[   15.413245] ACPI: AC Adapter [AC] (off-line)
[   15.446799] input: Power Button as /devices/LNXSYSTM:00/LNXPWRBN:00/input/input0
[   15.506546] ACPI: Power Button [PWRF]
[   15.538435] input: Sleep Button as /devices/LNXSYSTM:00/LNXSLPBN:00/input/input1
[   15.595036] ACPI: Sleep Button [SLPF]
[   15.634821] GHES: HEST is not enabled!
[   15.689628] ACPI: Battery Slot [BAT0] (battery present)
[   15.729995] Serial: 8250/16550 driver, 32 ports, IRQ sharing enabled
[   15.916492] 00:02: ttyS0 at I/O 0x3f8 (irq = 4, base_baud = 115200) is a 16550A
[   15.989470] Linux agpgart interface v0.103
[   16.055023] loop: module loaded
[   16.105172] scsi host0: ata_piix
[   16.143517] scsi host1: ata_piix
[   16.188543] ata1: PATA max UDMA/33 cmd 0x1f0 ctl 0x3f6 bmdma 0xd000 irq 14
[   16.266159] ata2: PATA max UDMA/33 cmd 0x170 ctl 0x376 bmdma 0xd008 irq 15
[   16.347672] libphy: Fixed MDIO Bus: probed
[   16.394218] tun: Universal TUN/TAP device driver, 1.6
[   16.432640] tun: (C) 1999-2004 Max Krasnyansky <maxk@qualcomm.com>
[   16.477734] PPP generic driver version 2.4.2
[   16.515898] ehci_hcd: USB 2.0 'Enhanced' Host Controller (EHCI) Driver
[   16.559709] ehci-pci: EHCI PCI platform driver
[   16.593157] ehci-platform: EHCI generic platform driver
[   16.633803] ohci_hcd: USB 1.1 'Open' Host Controller (OHCI) Driver
[   16.679862] ohci-pci: OHCI PCI platform driver
[   16.713467] ohci-platform: OHCI generic platform driver
[   16.752101] uhci_hcd: USB Universal Host Controller Interface driver
[   16.795103] i8042: PNP: PS/2 Controller [PNP0303:PS2K,PNP0f03:PS2M] at 0x60,0x64 irq 1,12
[   16.868979] serio: i8042 KBD port at 0x60,0x64 irq 1
[   16.907947] serio: i8042 AUX port at 0x60,0x64 irq 12
[   16.947078] mousedev: PS/2 mouse device common for all mice
[   16.996221] input: AT Translated Set 2 keyboard as /devices/platform/i8042/serio0/input/input2
[   17.061046] rtc_cmos rtc_cmos: rtc core: registered rtc_cmos as rtc0
[   17.105007] rtc_cmos rtc_cmos: alarms up to one day, 114 bytes nvram
[   17.156073] i2c /dev entries driver
[   17.190675] device-mapper: uevent: version 1.0.3
[   17.242586] device-mapper: ioctl: 4.34.0-ioctl (2015-10-28) initialised: dm-devel@redhat.com
[   17.368091] ledtrig-cpu: registered to indicate activity on CPUs
[   17.423431] NET: Registered protocol family 10
[   17.460753] NET: Registered protocol family 17
[   17.494424] Key type dns_resolver registered
[   17.528393] registered taskstats version 1
[   17.560949] Loading compiled-in X.509 certificates
[   17.601245] Loaded X.509 cert 'Build time autogenerated kernel key: 7c9fb337b82e5a343493fe891c556beae1895c7c'
[   17.691810] zswap: loaded using pool lzo/zbud
[   17.735588] Key type trusted registered
[   17.839318] Key type encrypted registered
[   17.874384] AppArmor: AppArmor sha1 policy hashing enabled
[   17.917946] ima: No TPM chip found, activating TPM-bypass!
[   17.967501] ima: Allocated hash algorithm: sha1
[   18.015955] evm: HMAC attrs: 0x1
[   18.057728]   Magic number: 3:129:901
[   18.098478] clocksource clocksource0: hash matches
[   18.151882] acpi PNP0501:01: hash matches
[   18.216864] rtc_cmos rtc_cmos: setting system clock to 2019-01-24 19:53:28 UTC (1548359608)
[   18.337744] BIOS EDD facility v0.16 2004-Jun-25, 0 devices found
[   18.386232] EDD information not available.
[   18.449030] Freeing unused kernel memory: 1528K
[   18.498674] Write protecting the kernel read-only data: 14336k
[   18.547882] Freeing unused kernel memory: 1660K
[   18.586517] Freeing unused kernel memory: 88K
Loading, please wait...
starting version 229
[   18.720180] random: systemd-udevd: uninitialized urandom read (16 bytes read, 6 bits of entropy available)
[   18.793887] random: udevadm: uninitialized urandom read (16 bytes read, 6 bits of entropy available)
[   18.861595] random: udevadm: uninitialized urandom read (16 bytes read, 6 bits of entropy available)
[   18.927619] random: systemd-udevd: uninitialized urandom read (16 bytes read, 6 bits of entropy available)
[   18.994413] random: systemd-udevd: uninitialized urandom read (16 bytes read, 6 bits of entropy available)
[   19.089345] random: udevadm: uninitialized urandom read (16 bytes read, 6 bits of entropy available)
[   19.160036] random: systemd-udevd: uninitialized urandom read (16 bytes read, 6 bits of entropy available)
[   19.271191] random: udevadm: uninitialized urandom read (16 bytes read, 6 bits of entropy available)
[   19.346758] random: udevadm: uninitialized urandom read (16 bytes read, 6 bits of entropy available)
[   19.422574] random: systemd-udevd: uninitialized urandom read (16 bytes read, 6 bits of entropy available)
[   19.741266] e1000: Intel(R) PRO/1000 Network Driver - version 7.3.21-k8-NAPI
[   19.789782] e1000: Copyright (c) 1999-2006 Intel Corporation.
[   19.829701] Fusion MPT base driver 3.04.20
[   19.860433] Copyright (c) 1999-2008 LSI Corporation
[   20.021147] AVX version of gcm_enc/dec engaged.
[   20.050708] AES CTR mode by8 optimization enabled
[   20.120606] Fusion MPT SPI Host driver 3.04.20
[   20.280663] input: ImExPS/2 Generic Explorer Mouse as /devices/platform/i8042/serio1/input/input4
[   23.291895] e1000 0000:00:03.0 eth0: (PCI:33MHz:32-bit) 02:9c:d2:53:c1:d1
[   23.352801] e1000 0000:00:03.0 eth0: Intel(R) PRO/1000 Network Connection
[   23.407537] mptbase: ioc0: Initiating bringup
[   23.513414] ioc0: LSI53C1030 A0: Capabilities={Initiator}
[   23.919896] scsi host2: ioc0: LSI53C1030 A0, FwRev=00000000h, Ports=1, MaxQ=256, IRQ=20
[   24.231564] scsi 2:0:0:0: Direct-Access     VBOX     HARDDISK         1.0  PQ: 0 ANSI: 5
[   24.356408] scsi target2:0:0: Beginning Domain Validation
[   24.470178] scsi target2:0:0: Domain Validation skipping write tests
[   24.514189] scsi target2:0:0: Ending Domain Validation
[   24.630803] scsi target2:0:0: asynchronous
[   24.799911] scsi 2:0:1:0: Direct-Access     VBOX     HARDDISK         1.0  PQ: 0 ANSI: 5
[   25.569691] scsi target2:0:1: Beginning Domain Validation
[   26.031296] scsi target2:0:1: Domain Validation skipping write tests
[   26.084848] scsi target2:0:1: Ending Domain Validation
[   26.179368] scsi target2:0:1: asynchronous
[   26.912169] sd 2:0:0:0: [sda] 20971520 512-byte logical blocks: (10.7 GB/10.0 GiB)
[   26.978245] sd 2:0:0:0: Attached scsi generic sg0 type 0
[   27.068676] sd 2:0:1:0: [sdb] 20480 512-byte logical blocks: (10.5 MB/10.0 MiB)
[   27.128932] sd 2:0:1:0: Attached scsi generic sg1 type 0
[   27.236677] sd 2:0:0:0: [sda] Write Protect is off
[   27.278509] sd 2:0:1:0: [sdb] Write Protect is off
[   27.430923] sd 2:0:0:0: [sda] Incomplete mode parameter data
[   27.471391] sd 2:0:0:0: [sda] Assuming drive cache: write through
[   27.516103] sd 2:0:1:0: [sdb] Incomplete mode parameter data
[   27.555220] sd 2:0:1:0: [sdb] Assuming drive cache: write through
[   27.721354]  sda: sda1
[   27.804082] sd 2:0:1:0: [sdb] Attached SCSI disk
[   27.845438] sd 2:0:0:0: [sda] Attached SCSI disk
[   28.862184] e1000 0000:00:08.0 eth1: (PCI:33MHz:32-bit) 08:00:27:27:7c:48
[   28.920335] e1000 0000:00:08.0 eth1: Intel(R) PRO/1000 Network Connection
[   28.985919] e1000 0000:00:03.0 enp0s3: renamed from eth0
[   29.025085] e1000 0000:00:08.0 enp0s8: renamed from eth1
Begin: Loading essential drivers ... [   39.648236] md: linear personality registered for level -1
[   39.695272] md: multipath personality registered for level -4
[   39.741192] md: raid0 personality registered for level 0
[   39.792401] md: raid1 personality registered for level 1
[   39.906102] raid6: sse2x1   gen()  1761 MB/s
[   40.005739] raid6: sse2x1   xor()  1212 MB/s
[   40.102121] raid6: sse2x2   gen()  3158 MB/s
[   40.202028] raid6: sse2x2   xor()  1836 MB/s
[   40.322796] raid6: sse2x4   gen()  4350 MB/s
[   40.426077] raid6: sse2x4   xor()  2353 MB/s
[   40.460027] raid6: using algorithm sse2x4 gen() 4350 MB/s
[   40.500683] raid6: .... xor() 2353 MB/s, rmw enabled
[   40.535466] raid6: using ssse3x2 recovery algorithm
[   40.576005] xor: automatically using best checksumming function:
[   40.658481]    avx       :  9366.000 MB/sec
[   40.697053] async_tx: api initialized (async)
[   40.772353] md: raid6 personality registered for level 6
[   40.807275] md: raid5 personality registered for level 5
[   40.848477] md: raid4 personality registered for level 4
[   40.906120] md: raid10 personality registered for level 10
done.
Begin: Running /scripts/init-premount ... done.
Begin: Mounting root file system ... Begin: Running /scripts/local-top ... done.
Begin: Running /scripts/local-premount ... [   41.196499] Btrfs loaded
Scanning for Btrfs filesystems
done.
[   41.361181] random: nonblocking pool is initialized
Warning: fsck not present, so skipping root file system
[   41.463864] EXT4-fs (sda1): mounted filesystem with ordered data mode. Opts: (null)
done.
Begin: Running /scripts/local-bottom ... done.
Begin: Running /scripts/init-bottom ... done.
[   41.965420] systemd[1]: systemd 229 running in system mode. (+PAM +AUDIT +SELINUX +IMA +APPARMOR +SMACK +SYSVINIT +UTMP +LIBCRYPTSETUP +GCRYPT +GNUTLS +ACL +XZ -LZ4 +SECCOMP +BLKID +ELFUTILS +KMOD -IDN)
[   42.081299] systemd[1]: Detected virtualization oracle.
[   42.119115] systemd[1]: Detected architecture x86-64.

Welcome to [1mUbuntu 16.04.5 LTS[0m!

[   42.212214] systemd[1]: Set hostname to <terraform-box>.
[   42.815059] systemd[1]: Reached target Encrypted Volumes.
[[0;32m  OK  [0m] Reached target Encrypted Volumes.
[   42.899881] systemd[1]: Listening on Journal Audit Socket.
[[0;32m  OK  [0m] Listening on Journal Audit Socket.
[   43.003123] systemd[1]: Listening on Journal Socket.
[[0;32m  OK  [0m] Listening on Journal Socket.
[   43.092794] systemd[1]: Listening on Journal Socket (/dev/log).
[[0;32m  OK  [0m] Listening on Journal Socket (/dev/log).
[   43.191460] systemd[1]: Listening on LVM2 metadata daemon socket.
[[0;32m  OK  [0m] Listening on LVM2 metadata daemon socket.
[   43.294848] systemd[1]: Listening on /dev/initctl Compatibility Named Pipe.
[[0;32m  OK  [0m] Listening on /dev/initctl Compatibility Named Pipe.
[   43.494016] systemd[1]: Reached target Swap.
[[0;32m  OK  [0m] Reached target Swap.
[   43.574144] systemd[1]: Created slice System Slice.
[[0;32m  OK  [0m] Created slice System Slice.
[   43.657423] systemd[1]: Starting Nameserver information manager...
         Starting Nameserver information manager...
[   43.775882] systemd[1]: Starting Uncomplicated firewall...
         Starting Uncomplicated firewall...
[   43.869093] systemd[1]: Starting Create list of required static device nodes for the current kernel...
         Starting Create list of required st... nodes for the current kernel...
[   43.995436] systemd[1]: Starting Remount Root and Kernel File Systems...
[   44.063096] EXT4-fs (sda1): re-mounted. Opts: (null)
         Starting Remount Root and Kernel File Systems...
[   44.146236] systemd[1]: Mounting POSIX Message Queue File System...
         Mounting POSIX Message Queue File System...
[   44.286372] systemd[1]: Listening on udev Kernel Socket.
[[0;32m  OK  [0m] Listening on udev Kernel Socket.
[   44.373753] systemd[1]: Listening on Device-mapper event daemon FIFOs.
[[0;32m  OK  [0m] Listening on Device-mapper event daemon FIFOs.
[   44.472270] systemd[1]: Starting Monitoring of LVM2 mirrors, snapshots etc. using dmeventd or progress polling...
         Starting Monitoring of LVM2 mirrors... dmeventd or progress polling...
[   44.621425] systemd[1]: Mounting Huge Pages File System...
         Mounting Huge Pages File System...
[   44.714102] systemd[1]: Listening on udev Control Socket.
[[0;32m  OK  [0m] Listening on udev Control Socket.
[   44.798689] systemd[1]: Listening on Syslog Socket.
[[0;32m  OK  [0m] Listening on Syslog Socket.
[   44.879768] systemd[1]: Started Trigger resolvconf update for networkd DNS.
[[0;32m  OK  [0m] Started Trigger resolvconf update for networkd DNS.
[   44.979485] systemd[1]: Starting Set console keymap...
         Starting Set console keymap...
[   45.088932] systemd[1]: Listening on LVM2 poll daemon socket.
[[0;32m  OK  [0m] Listening on LVM2 poll daemon socket.
[   45.260830] systemd[1]: Mounting Debug File System...
         Mounting Debug File System...
[   45.465837] systemd[1]: Started Forward Password Requests to Wall Directory Watch.
[[0;32m  OK  [0m] Started Forward Password Requests to Wall Directory Watch.
[   45.603565] systemd[1]: Created slice User and Session Slice.
[[0;32m  OK  [0m] Created slice User and Session Slice.
[   45.701110] systemd[1]: Starting Load Kernel Modules...
         Starting Load Kernel Modules...[   45.816201] Loading iSCSI transport class v2.0-870.

[   45.863940] systemd[1]: Set up automount Arbitrary Executable File Formats File System Automount Point.
[[0;32m  OK  [0m] [   45.969842] iscsi: registered transport (tcp)
Set up automount Arbitrary Executab...ats File System Automount Point.
[   46.043176] systemd[1]: Reached target System Time Synchronized.
[[0;32m  OK  [0m] Reached target System Time Synchronized.
[   46.178039] systemd[1]: Created slice system-serial\x2dgetty.slice.
[[0;32m  OK  [0m] Created slice system-serial\x2dgetty.slice.[   46.296787] iscsi: registered transport (iser)

[   46.343170] systemd[1]: Reached target Slices.
[[0;32m  OK  [0m] Reached target Slices.
[   46.435228] systemd[1]: Reached target User and Group Name Lookups.
[[0;32m  OK  [0m] Reached target User and Group Name Lookups.
[   46.540880] systemd[1]: Starting Journal Service...
         Starting Journal Service...
[   46.643457] systemd[1]: Mounted Debug File System.
[[0;32m  OK  [0m] Mounted Debug File System.
[   46.773107] systemd[1]: Mounted Huge Pages File System.
[[0;32m  OK  [0m] Mounted Huge Pages File System.
[   46.856750] systemd[1]: Mounted POSIX Message Queue File System.
[[0;32m  OK  [0m] Mounted POSIX Message Queue File System.
[   46.948574] systemd[1]: Started Journal Service.
[[0;32m  OK  [0m] Started Journal Service.
[[0;32m  OK  [0m] Started Uncomplicated firewall.
[[0;32m  OK  [0m] Started Create list of required sta...ce nodes for the current kernel.
[[0;32m  OK  [0m] Started Remount Root and Kernel File Systems.
[[0;32m  OK  [0m] Started Set console keymap.
[[0;32m  OK  [0m] Started Load Kernel Modules.
[[0;32m  OK  [0m] Started Nameserver information manager.
[[0;32m  OK  [0m] Started LVM2 metadata daemon.
         Mounting FUSE Control File System...
         Starting Apply Kernel Variables...
         Starting Load/Save Random Seed...
         Starting udev Coldplug all Devices...
         Starting Create Static Device Nodes in /dev...
         Starting Flush Journal to Persistent Storage...
[[0;32m  OK  [0m] Mounted FUSE Control File System.
[[0;32m  OK  [0m] Started Monitoring of LVM2 mirrors,...ng dmeventd or progress polling.
[[0;32m  OK  [0m] Started Apply Kernel Variables.
[[0;32m  OK  [0m] Started Load/Save Random Seed.
[[0;32m  OK  [0m] Started Create Static Device Nodes in /dev.
[[0;32m  OK  [0m] Started udev Coldplug all Devices.
[[0;32m  OK  [0m] Started Flush Journal to Persistent Storage.
         Starting udev Kernel Device Manager...
[[0;32m  OK  [0m] Reached target Local File Systems (Pre).
[[0;32m  OK  [0m] Reached target Local File Systems.
         Starting Set console font and keymap...
         Starting Initial cloud-init job (pre-networking)...
         Starting Create Volatile Files and Directories...
         Starting Tell Plymouth To Write Out Runtime Data...
         Starting LSB: AppArmor initialization...
[[0;32m  OK  [0m] Started udev Kernel Device Manager.
[[0;32m  OK  [0m] Started Tell Plymouth To Write Out Runtime Data.
[[0;32m  OK  [0m] Started Create Volatile Files and Directories.
         Starting Update UTMP about System Boot/Shutdown...
[[0;32m  OK  [0m] Started Dispatch Password Requests to Console Directory Watch.
[[0;32m  OK  [0m] Started LSB: AppArmor initialization.[   46.036837] 
cloud-init[486]: Cloud-init v. 18.4-0ubuntu1~16.04.2 running 'init-local' at Thu, 24 Jan 2019 19:54:05 +0000. Up 44.40 seconds.
[[0;32m  OK  [0m] Started Initial cloud-init job (pre-networking).
[[0;32m  OK  [0m] Started Update UTMP about System Boot/Shutdown.
[[0;32m  OK  [0m] Found device /dev/ttyS0.
[[0;32m  OK  [0m] Listening on Load/Save RF Kill Switch Status /dev/rfkill Watch.
[[0;32m  OK  [0m] Reached target Network (Pre).
[[0;32m  OK  [0m] Started ifup for enp0s3.
[[0;32m  OK  [0m] Started ifup for enp0s8.
         Starting Raise network interfaces...
[[0;32m  OK  [0m] Started Set console font and keymap.
[[0;32m  OK  [0m] Created slice system-getty.slice.
[[0;32m  OK  [0m] Started Raise network interfaces.
[[0;32m  OK  [0m] Reached target Network.
         Starting Initial cloud-init job (metadata service crawler)...
[   75.086541] cloud-init[1319]: Cloud-init v. 18.4-0ubuntu1~16.04.2 running 'init' at Thu, 24 Jan 2019 19:54:35 +0000. Up 74.15 seconds.
[   75.237160] cloud-init[1319]: ci-info: ++++++++++++++++++++++++++++++++++++++Net device info+++++++++++++++++++++++++++++++++++++++[
[0;32m  OK  [0m[   75.394769] ] cloud-initStarted Initial cloud-init job (metadata service crawler).[1319]: ci-info: +--------+------+-----------------------------+---------------+--------+-------------------+

[[0;32m  OK  [0m[   75.477856] cloud-init[1319]: ci-info: | Device |  Up  |           Address           |      Mask     | Scope  |     Hw-Address    |
[   75.552618] cloud-init[1319]: ci-info: +--------+------+-----------------------------+---------------+--------+-------------------+
[   75.552730] cloud-init[1319]: ci-info: | enp0s3 | True |          10.0.2.15          | 255.255.255.0 | global | 02:9c:d2:53:c1:d1 |
[   75.552821] cloud-init[1319]: ci-info: | enp0s3 | True |  fe80::9c:d2ff:fe53:c1d1/64 |       .       |  link  | 02:9c:d2:53:c1:d1 |
[   75.552908] cloud-init[1319]: ci-info: | enp0s8 | True |        192.168.33.50        | 255.255.255.0 | global | 08:00:27:27:7c:48 |
[   75.552995] cloud-init[1319]: ci-info: | enp0s8 | True | fe80::a00:27ff:fe27:7c48/64 |       .       |  link  | 08:00:27:27:7c:48 |
[   75.553082] cloud-init[1319]: ci-info: |   lo   | True |          127.0.0.1          |   255.0.0.0   |  host  |         .         |
[   75.553360] cloud-init[1319]: ci-info: |   lo   | True |           ::1/128           |       .       |  host  |         .         |
[   75.553454] cloud-init[1319]: ci-info: +--------+------+-----------------------------+---------------+--------+-------------------+
[   75.553542] cloud-init[1319]: ci-info: ++++++++++++++++++++++++++++Route IPv4 info++++++++++++++++++++++++++++
[   75.553628] cloud-init[1319]: ci-info: +-------+--------------+----------+---------------+-----------+-------+
[   75.553716] cloud-init[1319]: ci-info: | Route | Destination  | Gateway  |    Genmask    | Interface | Flags |
[   75.553801] cloud-init[1319]: ci-info: +-------+--------------+----------+---------------+-----------+-------+
[   75.553886] cloud-init[1319]: ci-info: |   0   |   0.0.0.0    | 10.0.2.2 |    0.0.0.0    |   enp0s3  |   UG  |
[   75.553981] cloud-init[1319]: ci-info: |   1   |   10.0.2.0   | 0.0.0.0  | 255.255.255.0 |   enp0s3  |   U   |
[   75.554068] cloud-init[1319]: ci-info: |   2   | 192.168.33.0 | 0.0.0.0  | 255.255.255.0 |   enp0s8  |   U   |
[   75.554385] cloud-init[1319]: ci-info: +-------+--------------+----------+---------------+-----------+-------+
[   75.554473] cloud-init[1319]: ci-info: +++++++++++++++++++Route IPv6 info+++++++++++++++++++
[   75.554559] cloud-init[1319]: ci-info: +-------+-------------+---------+-----------+-------+
[   75.554993] cloud-init[1319]: ci-info: | Route | Destination | Gateway | Interface | Flags |
[   75.555081] cloud-init[1319]: ci-info: +-------+-------------+---------+-----------+-------+
[   75.555370] cloud-init[1319]: ci-info: |   0   |  fe80::/64  |    ::   |   enp0s3  |   U   |
[   75.555457] cloud-init[1319]: ci-info: |   1   |  fe80::/64  |    ::   |   enp0s8  |   U   |
[   75.555547] cloud-init[1319]: ci-info: |   6   |   ff00::/8  |    ::   |   enp0s3  |   U   |
[   75.555632] cloud-init[1319]: ci-info: |   7   |   ff00::/8  |    ::   |   enp0s8  |   U   |
[   75.555717] cloud-init[1319]: ci-info: +-------+-------------+---------+-----------+-------+
] Reached target Cloud-config availability.
[[0;32m  OK  [0m] Reached target System Initialization.
[[0;32m  OK  [0m] Listening on ACPID Listen Socket.
[[0;32m  OK  [0m] Listening on UUID daemon activation socket.
         Starting LXD - unix socket.
         Starting Socket activation for snappy daemon.
[[0;32m  OK  [0m] Listening on D-Bus System Message Bus Socket.
[[0;32m  OK  [0m] Started ACPI Events Check.
[[0;32m  OK  [0m] Reached target Paths.
[[0;32m  OK  [0m] Started Daily Cleanup of Temporary Directories.
         Starting Docker Socket for the API.
[[0;32m  OK  [0m] Started Daily apt download activities.
[[0;32m  OK  [0m] Started Daily apt upgrade and clean activities.
[[0;32m  OK  [0m] Reached target Timers.
[[0;32m  OK  [0m] Reached target Network is Online.
         Starting iSCSI initiator daemon (iscsid)...
[[0;32m  OK  [0m] Listening on LXD - unix socket.
[[0;32m  OK  [0m] Listening on Socket activation for snappy daemon.
[[0;32m  OK  [0m] Listening on Docker Socket for the API.
[[0;32m  OK  [0m] Started iSCSI initiator daemon (iscsid).
         Starting Login to default iSCSI targets...
[[0;32m  OK  [0m] Reached target Sockets.
[[0;32m  OK  [0m] Reached target Basic System.
[[0;32m  OK  [0m] Started FUSE filesystem for LXC.
         Starting LSB: MD monitoring daemon...
         Starting /etc/rc.local Compatibility...
         Starting Docker Application Container Engine...
         Starting LSB: Record successful boot for GRUB...
[[0;32m  OK  [0m] Started ACPI event daemon.
         Starting Virtualbox guest utils...
[[0;32m  OK  [0m] Started Deferred execution scheduler.
         Starting Login Service...
         Starting Snappy daemon...
         Starting OpenBSD Secure Shell server...
[[0;32m  OK  [0m] Started Unattended Upgrades Shutdown.
[[0;32m  OK  [0m] Started D-Bus System Message Bus.
         Starting Ubuntu FAN network setup...
         Starting System Logging Service...
[[0;32m  OK  [0m] Started Regular background program processing daemon.
         Starting Accounts Service...
         Starting LXD - container startup/shutdown...
[[0;32m  OK  [0m] Started /etc/rc.local Compatibility.
[[0;32m  OK  [0m] Started Ubuntu FAN network setup.
[[0;32m  OK  [0m] Started OpenBSD Secure Shell server.
[[0;32m  OK  [0m] Started System Logging Service.
[[0;32m  OK  [0m] Started Login to default iSCSI targets.
[[0;32m  OK  [0m] Started LSB: MD monitoring daemon.
[[0;32m  OK  [0m] Started LSB: Record successful boot for GRUB.
[[0;32m  OK  [0m] Reached target Remote File Systems (Pre).
[[0;32m  OK  [0m] Reached target Remote File Systems.
         Starting LSB: Set up cgroupfs mounts....
         Starting LSB: daemon to balance interrupts for SMP systems...
         Starting Permit User Sessions...
         Starting LSB: Set the CPU Frequency Scaling governor to "ondemand"...
         Starting LSB: automatic crash report generation...
[[0;32m  OK  [0m] Started LXD - container startup/shutdown.
[[0;32m  OK  [0m] Started LSB: Set up cgroupfs mounts..
[[0;32m  OK  [0m] Started Permit User Sessions.
[[0;32m  OK  [0m] Started Login Service.
[[0;32m  OK  [0m] Started Snappy daemon.
         Starting Wait until snapd is fully seeded...
         Starting Authenticate and Authorize Users to Run Privileged Tasks...
         Starting Terminate Plymouth Boot Screen...
         Starting Hold until boot process finishes up...
[[0;32m  OK  [0m] Started Virtualbox guest utils.
[[0;32m  OK  [0m] Started LSB: daemon to balance interrupts for SMP systems.
[[0;32m  OK  [0m] Started Terminate Plymouth Boot Screen.
[[0;32m  OK  [0m] Started Hold until boot process finishes up.
[[0;32m  OK  [0m] Started LSB: Set the CPU Frequency Scaling governor to "ondemand".
[[0;32m  OK  [0m] Started LSB: automatic crash report generation.
[[0;32m  OK  [0m] Started Authenticate and Authorize Users to Run Privileged Tasks.
[[0;32m  OK  [0m] Started Wait until snapd is fully seeded.
[[0;32m  OK  [0m] Started Accounts Service.
         Starting Apply the settings specified in cloud-config...
[[0;32m  OK  [0m] Created slice User Slice of vagrant.
         Starting User Manager for UID 1000...
[[0;32m  OK  [0m] Started Serial Getty on ttyS0.
[[0;32m  OK  [0m] Started Getty on tty1.
[[0;32m  OK  [0m] Reached target Login Prompts.
         Starting Set console scheme...
[[0;32m  OK  [0m] Started User Manager for UID 1000.
[[0;32m  OK  [0m] Started Set console scheme.
[[0;32m  OK  [0m] Started Session 1 of user vagrant.

Ubuntu 16.04.5 LTS terraform-box ttyS0

terraform-box login: [   94.782333] cloud-init[1593]: Cloud-init v. 18.4-0ubuntu1~16.04.2 running 'modules:config' at Thu, 24 Jan 2019 19:54:55 +0000. Up 94.16 seconds.
[   97.053763] cloud-init[2221]: Cloud-init v. 18.4-0ubuntu1~16.04.2 running 'modules:final' at Thu, 24 Jan 2019 19:54:57 +0000. Up 96.71 seconds.
[   97.184752] cloud-init[2221]: Cloud-init v. 18.4-0ubuntu1~16.04.2 finished at Thu, 24 Jan 2019 19:54:58 +0000. Datasource DataSourceNoCloud [seed=/dev/sdb][dsmode=net].  Up 97.02 seconds
